Using pre-set license
Built from '2020.3/china_unity/release' branch; Version is '2020.3.0f1c1 (1e553bf703d9) revision 1987899'; Using compiler version '192528614'; Build Type 'Release'
OS: 'Windows 10 Home China; OS build 22000.795; Version 2009; 64bit' Language: 'zh' Physical Memory: 16150 MB
BatchMode: 1, IsHumanControllingUs: 0, StartBugReporterOnCrash: 0, Is64bit: 1, IsPro: 0

 COMMAND LINE ARGUMENTS:
C:\Program Files\Unity\Hub\Editor\2020.3.0f1c1\Editor\Unity.exe
-adb2
-batchMode
-noUpm
-name
AssetImportWorker0
-projectPath
D:/unityEnglish/Unity3d-Async-LoadMore
-logFile
Logs/AssetImportWorker0.log
-srvPort
64561
Successfully changed project path to: D:/unityEnglish/Unity3d-Async-LoadMore
D:/unityEnglish/Unity3d-Async-LoadMore
Using Asset Import Pipeline V2.
Refreshing native plugins compatible for Editor in 19.14 ms, found 0 plugins.
Preloading 0 native plugins for Editor in 0.00 ms.
Initialize engine version: 2020.3.0f1c1 (1e553bf703d9)
[Subsystems] Discovering subsystems at path C:/Program Files/Unity/Hub/Editor/2020.3.0f1c1/Editor/Data/Resources/UnitySubsystems
[Subsystems] Discovering subsystems at path D:/unityEnglish/Unity3d-Async-LoadMore/Assets
GfxDevice: creating device client; threaded=0
Direct3D:
    Version:  Direct3D 11.0 [level 11.1]
    Renderer: NVIDIA GeForce RTX 2060 (ID=0x1f15)
    Vendor:   
    VRAM:     5980 MB
    Driver:   30.0.15.1278
Initialize mono
Mono path[0] = 'C:/Program Files/Unity/Hub/Editor/2020.3.0f1c1/Editor/Data/Managed'
Mono path[1] = 'C:/Program Files/Unity/Hub/Editor/2020.3.0f1c1/Editor/Data/MonoBleedingEdge/lib/mono/unityjit'
Mono config path = 'C:/Program Files/Unity/Hub/Editor/2020.3.0f1c1/Editor/Data/MonoBleedingEdge/etc'
Using monoOptions --debugger-agent=transport=dt_socket,embedding=1,server=y,suspend=n,address=127.0.0.1:56936
Begin MonoManager ReloadAssembly
Registering precompiled unity dll's ...
Register platform support module: C:/Program Files/Unity/Hub/Editor/2020.3.0f1c1/Editor/Data/PlaybackEngines/WindowsStandaloneSupport/UnityEditor.WindowsStandalone.Extensions.dll
Registered in 0.003603 seconds.
Native extension for WindowsStandalone target not found
Refreshing native plugins compatible for Editor in 22.66 ms, found 0 plugins.
Preloading 0 native plugins for Editor in 0.00 ms.
Invoked RoslynAnalysisRunner static constructor.
RoslynAnalysisRunner will not be running.
RoslynAnalysisRunner has terminated.
Mono: successfully reloaded assembly
- Completed reload, in  0.981 seconds
Platform modules already initialized, skipping
Registering precompiled user dll's ...
Registered in 0.000745 seconds.
Begin MonoManager ReloadAssembly
Native extension for WindowsStandalone target not found
Refreshing native plugins compatible for Editor in 0.18 ms, found 0 plugins.
Preloading 0 native plugins for Editor in 0.00 ms.
Invoked RoslynAnalysisRunner static constructor.
RoslynAnalysisRunner will not be running.
RoslynAnalysisRunner has terminated.
Mono: successfully reloaded assembly
- Completed reload, in  0.780 seconds
Platform modules already initialized, skipping
========================================================================
Worker process is ready to serve import requests
Launched and connected shader compiler UnityShaderCompiler.exe after 0.05 seconds
Refreshing native plugins compatible for Editor in 0.22 ms, found 0 plugins.
Preloading 0 native plugins for Editor in 0.00 ms.
Unloading 1113 Unused Serialized files (Serialized files now loaded: 0)
System memory in use before: 59.3 MB.
System memory in use after: 59.3 MB.

Unloading 9 unused Assets to reduce memory usage. Loaded Objects now: 1556.
Total: 1.667400 ms (FindLiveObjects: 0.151900 ms CreateObjectMapping: 0.051100 ms MarkObjects: 1.404600 ms  DeleteObjects: 0.058400 ms)

========================================================================
Received Import Request.
  path: Assets/Scenes/8e9f069068654311a9aaa45ac5ed1d0c.png
  artifactKey: Guid(56da8895743f023428cc7a2b1101ba7f) Importer(815301076,1909f56bfc062723c751e8b465ee728b)
Start importing Assets/Scenes/8e9f069068654311a9aaa45ac5ed1d0c.png using Guid(56da8895743f023428cc7a2b1101ba7f) Importer(815301076,1909f56bfc062723c751e8b465ee728b)  -> (artifact id: '4a0fa19de8905ce3cc1b676e7f001464') in 0.069220 seconds
  Import took 0.071431 seconds .

========================================================================
Received Import Request.
  Time since last request: 10.237049 seconds.
  path: Assets/Scenes
  artifactKey: Guid(b6143e20b3a69944ba87ef9cc4bbf1e7) Importer(815301076,1909f56bfc062723c751e8b465ee728b)
Start importing Assets/Scenes using Guid(b6143e20b3a69944ba87ef9cc4bbf1e7) Importer(815301076,1909f56bfc062723c751e8b465ee728b)  -> (artifact id: 'cfa62bd257fbbff4bd59d532308dba63') in 0.004708 seconds
  Import took 0.006278 seconds .

========================================================================
Received Import Request.
  Time since last request: 1.654617 seconds.
  path: Assets
  artifactKey: Guid(00000000000000001000000000000000) Importer(815301076,1909f56bfc062723c751e8b465ee728b)
Start importing Assets using Guid(00000000000000001000000000000000) Importer(815301076,1909f56bfc062723c751e8b465ee728b)  -> (artifact id: '67878a740a6b29383db4cb28315414dc') in 0.005199 seconds
  Import took 0.006862 seconds .

========================================================================
Received Import Request.
  Time since last request: 4.159698 seconds.
  path: Assets/Img
  artifactKey: Guid(c303a3b52f8ae2941a5e12c1fb1425f6) Importer(815301076,1909f56bfc062723c751e8b465ee728b)
Start importing Assets/Img using Guid(c303a3b52f8ae2941a5e12c1fb1425f6) Importer(815301076,1909f56bfc062723c751e8b465ee728b)  -> (artifact id: 'f690693f46a78dcc631a2b6e1417d6fd') in 0.004053 seconds
  Import took 0.005661 seconds .

========================================================================
Received Import Request.
  Time since last request: 3.854613 seconds.
  path: Assets/进度条.png
  artifactKey: Guid(56da8895743f023428cc7a2b1101ba7f) Importer(815301076,1909f56bfc062723c751e8b465ee728b)
Start importing Assets/进度条.png using Guid(56da8895743f023428cc7a2b1101ba7f) Importer(815301076,1909f56bfc062723c751e8b465ee728b)  -> (artifact id: '2f18aefe801e5990ab45eb23f931ffb6') in 0.007926 seconds
  Import took 0.009547 seconds .

========================================================================
Received Import Request.
  Time since last request: 0.002214 seconds.
  path: Assets/进度条.png
  artifactKey: Guid(56da8895743f023428cc7a2b1101ba7f) Importer(815301076,1909f56bfc062723c751e8b465ee728b)
Start importing Assets/进度条.png using Guid(56da8895743f023428cc7a2b1101ba7f) Importer(815301076,1909f56bfc062723c751e8b465ee728b)  -> (artifact id: '2f18aefe801e5990ab45eb23f931ffb6') in 0.007990 seconds
  Import took 0.009698 seconds .

========================================================================
Received Import Request.
  Time since last request: 5.830260 seconds.
  path: Assets/Img/进度条.png
  artifactKey: Guid(56da8895743f023428cc7a2b1101ba7f) Importer(815301076,1909f56bfc062723c751e8b465ee728b)
Start importing Assets/Img/进度条.png using Guid(56da8895743f023428cc7a2b1101ba7f) Importer(815301076,1909f56bfc062723c751e8b465ee728b)  -> (artifact id: 'b34fb1349a03bbd39b0a474cd4970bb5') in 0.042515 seconds
  Import took 0.044172 seconds .

========================================================================
Received Import Request.
  Time since last request: 15.140212 seconds.
  path: Assets/Scenes/NewBehaviourScript.cs
  artifactKey: Guid(7d56b6a1e2b80bc4c8cd3a7c52233458) Importer(815301076,1909f56bfc062723c751e8b465ee728b)
Start importing Assets/Scenes/NewBehaviourScript.cs using Guid(7d56b6a1e2b80bc4c8cd3a7c52233458) Importer(815301076,1909f56bfc062723c751e8b465ee728b)  -> (artifact id: 'a7e0d5acfcd033c74a67cc3b43f287de') in 0.008222 seconds
  Import took 0.010098 seconds .

========================================================================
Received Prepare
Registering precompiled user dll's ...
Registered in 0.000468 seconds.
Begin MonoManager ReloadAssembly
Native extension for WindowsStandalone target not found
Refreshing native plugins compatible for Editor in 0.17 ms, found 0 plugins.
Preloading 0 native plugins for Editor in 0.00 ms.
Invoked RoslynAnalysisRunner static constructor.
RoslynAnalysisRunner will not be running.
RoslynAnalysisRunner has terminated.
Mono: successfully reloaded assembly
- Completed reload, in  0.792 seconds
Platform modules already initialized, skipping
Refreshing native plugins compatible for Editor in 0.43 ms, found 0 plugins.
Preloading 0 native plugins for Editor in 0.00 ms.
Unloading 1108 Unused Serialized files (Serialized files now loaded: 0)
System memory in use before: 62.2 MB.
System memory in use after: 62.3 MB.

Unloading 4 unused Assets to reduce memory usage. Loaded Objects now: 1567.
Total: 1.723300 ms (FindLiveObjects: 0.118100 ms CreateObjectMapping: 0.033800 ms MarkObjects: 1.554000 ms  DeleteObjects: 0.016300 ms)

========================================================================
Received Prepare
Registering precompiled user dll's ...
Registered in 0.000482 seconds.
Begin MonoManager ReloadAssembly
Native extension for WindowsStandalone target not found
Refreshing native plugins compatible for Editor in 0.17 ms, found 0 plugins.
Preloading 0 native plugins for Editor in 0.00 ms.
Invoked RoslynAnalysisRunner static constructor.
RoslynAnalysisRunner will not be running.
RoslynAnalysisRunner has terminated.
Mono: successfully reloaded assembly
- Completed reload, in  0.718 seconds
Platform modules already initialized, skipping
Refreshing native plugins compatible for Editor in 0.20 ms, found 0 plugins.
Preloading 0 native plugins for Editor in 0.00 ms.
Unloading 1107 Unused Serialized files (Serialized files now loaded: 0)
System memory in use before: 62.2 MB.
System memory in use after: 62.3 MB.

Unloading 5 unused Assets to reduce memory usage. Loaded Objects now: 1569.
Total: 1.499100 ms (FindLiveObjects: 0.121100 ms CreateObjectMapping: 0.025800 ms MarkObjects: 1.337100 ms  DeleteObjects: 0.014100 ms)

========================================================================
Received Import Request.
  Time since last request: 21.197017 seconds.
  path: Assets/Scenes/TwoScene.unity
  artifactKey: Guid(ffe1edd309fa30545afc81bad587e13e) Importer(815301076,1909f56bfc062723c751e8b465ee728b)
Start importing Assets/Scenes/TwoScene.unity using Guid(ffe1edd309fa30545afc81bad587e13e) Importer(815301076,1909f56bfc062723c751e8b465ee728b)  -> (artifact id: 'ee2273e65b7485b448fd920280083637') in 0.011417 seconds
  Import took 0.013177 seconds .

========================================================================
Received Import Request.
  Time since last request: 1.004176 seconds.
  path: Assets/Scenes/SampleScene.unity
  artifactKey: Guid(9fc0d4010bbf28b4594072e72b8655ab) Importer(815301076,1909f56bfc062723c751e8b465ee728b)
Start importing Assets/Scenes/SampleScene.unity using Guid(9fc0d4010bbf28b4594072e72b8655ab) Importer(815301076,1909f56bfc062723c751e8b465ee728b)  -> (artifact id: 'ee784fde4f6b42f6105fc469b3638cb4') in 0.016218 seconds
  Import took 0.017903 seconds .

========================================================================
Received Import Request.
  Time since last request: 62.824023 seconds.
  path: Assets/Scenes/TwoScene.unity
  artifactKey: Guid(ffe1edd309fa30545afc81bad587e13e) Importer(815301076,1909f56bfc062723c751e8b465ee728b)
Start importing Assets/Scenes/TwoScene.unity using Guid(ffe1edd309fa30545afc81bad587e13e) Importer(815301076,1909f56bfc062723c751e8b465ee728b)  -> (artifact id: '75923c9a1150b60dd5ad27abab106231') in 0.003732 seconds
  Import took 0.005501 seconds .

========================================================================
Received Import Request.
  Time since last request: 1.432384 seconds.
  path: Assets/Scenes/SampleScene.unity
  artifactKey: Guid(9fc0d4010bbf28b4594072e72b8655ab) Importer(815301076,1909f56bfc062723c751e8b465ee728b)
Start importing Assets/Scenes/SampleScene.unity using Guid(9fc0d4010bbf28b4594072e72b8655ab) Importer(815301076,1909f56bfc062723c751e8b465ee728b)  -> (artifact id: '7b0ead928d53c43ae41ddda979140f53') in 0.003897 seconds
  Import took 0.005647 seconds .

========================================================================
Received Import Request.
  Time since last request: 120.385998 seconds.
  path: Assets/7cb8848029d74c2ba46161840c59a81e.jpg
  artifactKey: Guid(1ed0440d77e546e4b80df9a541a1ec54) Importer(815301076,1909f56bfc062723c751e8b465ee728b)
Start importing Assets/7cb8848029d74c2ba46161840c59a81e.jpg using Guid(1ed0440d77e546e4b80df9a541a1ec54) Importer(815301076,1909f56bfc062723c751e8b465ee728b)  -> (artifact id: 'f30f6c1b08e370a1195b01b7c3af90fb') in 0.028318 seconds
  Import took 0.030566 seconds .

========================================================================
Received Import Request.
  Time since last request: 5.727941 seconds.
  path: Assets/Img/7cb8848029d74c2ba46161840c59a81e.jpg
  artifactKey: Guid(1ed0440d77e546e4b80df9a541a1ec54) Importer(815301076,1909f56bfc062723c751e8b465ee728b)
Start importing Assets/Img/7cb8848029d74c2ba46161840c59a81e.jpg using Guid(1ed0440d77e546e4b80df9a541a1ec54) Importer(815301076,1909f56bfc062723c751e8b465ee728b)  -> (artifact id: '0da7a5585527f60bc81f21308bfb9759') in 0.028007 seconds
  Import took 0.029698 seconds .

========================================================================
Received Import Request.
  Time since last request: 127.066479 seconds.
  path: Assets/Img/7cb8848029d74c2ba46161840c59a81e.png
  artifactKey: Guid(3021b08327584a94eb075f320b681a9d) Importer(815301076,1909f56bfc062723c751e8b465ee728b)
Start importing Assets/Img/7cb8848029d74c2ba46161840c59a81e.png using Guid(3021b08327584a94eb075f320b681a9d) Importer(815301076,1909f56bfc062723c751e8b465ee728b)  -> (artifact id: 'e05359e553ceb10e6439548d27604910') in 0.010902 seconds
  Import took 0.013060 seconds .

========================================================================
Received Import Request.
  Time since last request: 0.001902 seconds.
  path: Assets/Img/7cb8848029d74c2ba46161840c59a81e.png
  artifactKey: Guid(3021b08327584a94eb075f320b681a9d) Importer(815301076,1909f56bfc062723c751e8b465ee728b)
Start importing Assets/Img/7cb8848029d74c2ba46161840c59a81e.png using Guid(3021b08327584a94eb075f320b681a9d) Importer(815301076,1909f56bfc062723c751e8b465ee728b)  -> (artifact id: 'e05359e553ceb10e6439548d27604910') in 0.008451 seconds
  Import took 0.010223 seconds .

========================================================================
Received Import Request.
  Time since last request: 7.780747 seconds.
  path: Assets/Img/7cb8848029d74c2ba46161840c59a81e.png
  artifactKey: Guid(3021b08327584a94eb075f320b681a9d) Importer(815301076,1909f56bfc062723c751e8b465ee728b)
Start importing Assets/Img/7cb8848029d74c2ba46161840c59a81e.png using Guid(3021b08327584a94eb075f320b681a9d) Importer(815301076,1909f56bfc062723c751e8b465ee728b)  -> (artifact id: '72a445d3b7aaf172b3a68d08ec78757e') in 0.013277 seconds
  Import took 0.014972 seconds .

========================================================================
Received Import Request.
  Time since last request: 0.005624 seconds.
  path: Assets/Img/7cb8848029d74c2ba46161840c59a81e.png
  artifactKey: Guid(3021b08327584a94eb075f320b681a9d) Importer(815301076,1909f56bfc062723c751e8b465ee728b)
Start importing Assets/Img/7cb8848029d74c2ba46161840c59a81e.png using Guid(3021b08327584a94eb075f320b681a9d) Importer(815301076,1909f56bfc062723c751e8b465ee728b)  -> (artifact id: '72a445d3b7aaf172b3a68d08ec78757e') in 0.015707 seconds
  Import took 0.017567 seconds .

========================================================================
Received Prepare
Registering precompiled user dll's ...
Registered in 0.000528 seconds.
Begin MonoManager ReloadAssembly
Native extension for WindowsStandalone target not found
Refreshing native plugins compatible for Editor in 0.17 ms, found 0 plugins.
Preloading 0 native plugins for Editor in 0.00 ms.
Invoked RoslynAnalysisRunner static constructor.
RoslynAnalysisRunner will not be running.
RoslynAnalysisRunner has terminated.
Mono: successfully reloaded assembly
- Completed reload, in  0.733 seconds
Platform modules already initialized, skipping
Refreshing native plugins compatible for Editor in 0.42 ms, found 0 plugins.
Preloading 0 native plugins for Editor in 0.00 ms.
Unloading 1108 Unused Serialized files (Serialized files now loaded: 0)
System memory in use before: 62.3 MB.
System memory in use after: 62.4 MB.

Unloading 4 unused Assets to reduce memory usage. Loaded Objects now: 1576.
Total: 1.785400 ms (FindLiveObjects: 0.217600 ms CreateObjectMapping: 0.084200 ms MarkObjects: 1.446600 ms  DeleteObjects: 0.035600 ms)

========================================================================
Received Import Request.
  Time since last request: 302.145692 seconds.
  path: Assets/NewBehaviourScript.cs
  artifactKey: Guid(90ec3d19dc45fe04286621a9b37333e6) Importer(815301076,1909f56bfc062723c751e8b465ee728b)
Start importing Assets/NewBehaviourScript.cs using Guid(90ec3d19dc45fe04286621a9b37333e6) Importer(815301076,1909f56bfc062723c751e8b465ee728b)  -> (artifact id: 'e92e7583bade549cd7c73cb177203ef6') in 0.004926 seconds
  Import took 0.006558 seconds .

========================================================================
Received Prepare
Registering precompiled user dll's ...
Registered in 0.000443 seconds.
Begin MonoManager ReloadAssembly
Native extension for WindowsStandalone target not found
Refreshing native plugins compatible for Editor in 0.17 ms, found 0 plugins.
Preloading 0 native plugins for Editor in 0.00 ms.
Invoked RoslynAnalysisRunner static constructor.
RoslynAnalysisRunner will not be running.
RoslynAnalysisRunner has terminated.
Mono: successfully reloaded assembly
- Completed reload, in  0.730 seconds
Platform modules already initialized, skipping
Refreshing native plugins compatible for Editor in 0.31 ms, found 0 plugins.
Preloading 0 native plugins for Editor in 0.00 ms.
Unloading 1107 Unused Serialized files (Serialized files now loaded: 0)
System memory in use before: 62.3 MB.
System memory in use after: 62.4 MB.

Unloading 5 unused Assets to reduce memory usage. Loaded Objects now: 1578.
Total: 2.344000 ms (FindLiveObjects: 0.505800 ms CreateObjectMapping: 0.117200 ms MarkObjects: 1.703200 ms  DeleteObjects: 0.016400 ms)

========================================================================
Received Import Request.
  Time since last request: 10.475532 seconds.
  path: Assets/Script
  artifactKey: Guid(3cb3b108452b56c4290729f8f3a1f9ca) Importer(815301076,1909f56bfc062723c751e8b465ee728b)
Start importing Assets/Script using Guid(3cb3b108452b56c4290729f8f3a1f9ca) Importer(815301076,1909f56bfc062723c751e8b465ee728b)  -> (artifact id: '410076972c411fe97d28df47923b92df') in 0.005130 seconds
  Import took 0.006782 seconds .

========================================================================
Received Import Request.
  Time since last request: 0.005283 seconds.
  path: Assets/Script
  artifactKey: Guid(3cb3b108452b56c4290729f8f3a1f9ca) Importer(815301076,1909f56bfc062723c751e8b465ee728b)
Start importing Assets/Script using Guid(3cb3b108452b56c4290729f8f3a1f9ca) Importer(815301076,1909f56bfc062723c751e8b465ee728b)  -> (artifact id: '410076972c411fe97d28df47923b92df') in 0.003600 seconds
  Import took 0.005206 seconds .

========================================================================
Received Import Request.
  Time since last request: 12.005739 seconds.
  path: Assets/Script/Async.cs
  artifactKey: Guid(d18b9169f2301134ab7eafca53f386e1) Importer(815301076,1909f56bfc062723c751e8b465ee728b)
Start importing Assets/Script/Async.cs using Guid(d18b9169f2301134ab7eafca53f386e1) Importer(815301076,1909f56bfc062723c751e8b465ee728b)  -> (artifact id: 'b18c92bf05e7f8112e3b52c2e6df6a77') in 0.003984 seconds
  Import took 0.005704 seconds .

========================================================================
Received Prepare
Registering precompiled user dll's ...
Registered in 0.000521 seconds.
Begin MonoManager ReloadAssembly
Native extension for WindowsStandalone target not found
Refreshing native plugins compatible for Editor in 0.18 ms, found 0 plugins.
Preloading 0 native plugins for Editor in 0.00 ms.
Invoked RoslynAnalysisRunner static constructor.
RoslynAnalysisRunner will not be running.
RoslynAnalysisRunner has terminated.
Mono: successfully reloaded assembly
- Completed reload, in  0.731 seconds
Platform modules already initialized, skipping
Refreshing native plugins compatible for Editor in 0.30 ms, found 0 plugins.
Preloading 0 native plugins for Editor in 0.00 ms.
Unloading 1108 Unused Serialized files (Serialized files now loaded: 0)
System memory in use before: 62.3 MB.
System memory in use after: 62.4 MB.

Unloading 4 unused Assets to reduce memory usage. Loaded Objects now: 1582.
Total: 1.257500 ms (FindLiveObjects: 0.111200 ms CreateObjectMapping: 0.030600 ms MarkObjects: 1.103700 ms  DeleteObjects: 0.010900 ms)

========================================================================
Received Import Request.
  Time since last request: 6.468120 seconds.
  path: Assets/Script/AsyncScene.cs
  artifactKey: Guid(d18b9169f2301134ab7eafca53f386e1) Importer(815301076,1909f56bfc062723c751e8b465ee728b)
Start importing Assets/Script/AsyncScene.cs using Guid(d18b9169f2301134ab7eafca53f386e1) Importer(815301076,1909f56bfc062723c751e8b465ee728b)  -> (artifact id: '1ee9896692b41c64e25d34d361548b48') in 0.007035 seconds
  Import took 0.009297 seconds .

========================================================================
Received Prepare
Registering precompiled user dll's ...
Registered in 0.000763 seconds.
Begin MonoManager ReloadAssembly
Native extension for WindowsStandalone target not found
Refreshing native plugins compatible for Editor in 0.19 ms, found 0 plugins.
Preloading 0 native plugins for Editor in 0.00 ms.
Invoked RoslynAnalysisRunner static constructor.
RoslynAnalysisRunner will not be running.
RoslynAnalysisRunner has terminated.
Mono: successfully reloaded assembly
- Completed reload, in  0.784 seconds
Platform modules already initialized, skipping
Refreshing native plugins compatible for Editor in 0.30 ms, found 0 plugins.
Preloading 0 native plugins for Editor in 0.00 ms.
Unloading 1108 Unused Serialized files (Serialized files now loaded: 0)
System memory in use before: 62.3 MB.
System memory in use after: 62.4 MB.

Unloading 4 unused Assets to reduce memory usage. Loaded Objects now: 1585.
Total: 1.858800 ms (FindLiveObjects: 0.119800 ms CreateObjectMapping: 0.036200 ms MarkObjects: 1.688200 ms  DeleteObjects: 0.013600 ms)

========================================================================
Received Import Request.
  Time since last request: 74.227524 seconds.
  path: Assets/Script/AsyncScene.cs
  artifactKey: Guid(d18b9169f2301134ab7eafca53f386e1) Importer(815301076,1909f56bfc062723c751e8b465ee728b)
Start importing Assets/Script/AsyncScene.cs using Guid(d18b9169f2301134ab7eafca53f386e1) Importer(815301076,1909f56bfc062723c751e8b465ee728b)  -> (artifact id: '0c783a02fc673fadbdc254e9e1583470') in 0.004617 seconds
  Import took 0.006153 seconds .

========================================================================
Received Prepare
Registering precompiled user dll's ...
Registered in 0.000462 seconds.
Begin MonoManager ReloadAssembly
Native extension for WindowsStandalone target not found
Refreshing native plugins compatible for Editor in 0.17 ms, found 0 plugins.
Preloading 0 native plugins for Editor in 0.00 ms.
Invoked RoslynAnalysisRunner static constructor.
RoslynAnalysisRunner will not be running.
RoslynAnalysisRunner has terminated.
Mono: successfully reloaded assembly
- Completed reload, in  0.729 seconds
Platform modules already initialized, skipping
Refreshing native plugins compatible for Editor in 0.18 ms, found 0 plugins.
Preloading 0 native plugins for Editor in 0.00 ms.
Unloading 1108 Unused Serialized files (Serialized files now loaded: 0)
System memory in use before: 62.3 MB.
System memory in use after: 62.4 MB.

Unloading 4 unused Assets to reduce memory usage. Loaded Objects now: 1588.
Total: 2.515100 ms (FindLiveObjects: 0.219900 ms CreateObjectMapping: 0.077000 ms MarkObjects: 2.197600 ms  DeleteObjects: 0.019100 ms)

========================================================================
Received Import Request.
  Time since last request: 96.736639 seconds.
  path: Assets/Script/AsyncScene.cs
  artifactKey: Guid(d18b9169f2301134ab7eafca53f386e1) Importer(815301076,1909f56bfc062723c751e8b465ee728b)
Start importing Assets/Script/AsyncScene.cs using Guid(d18b9169f2301134ab7eafca53f386e1) Importer(815301076,1909f56bfc062723c751e8b465ee728b)  -> (artifact id: 'cf4b9ac04b14fe6f6deac3d1d00a95e6') in 0.005176 seconds
  Import took 0.007514 seconds .

========================================================================
Received Prepare
Registering precompiled user dll's ...
Registered in 0.000496 seconds.
Begin MonoManager ReloadAssembly
Native extension for WindowsStandalone target not found
Refreshing native plugins compatible for Editor in 0.22 ms, found 0 plugins.
Preloading 0 native plugins for Editor in 0.00 ms.
Invoked RoslynAnalysisRunner static constructor.
RoslynAnalysisRunner will not be running.
RoslynAnalysisRunner has terminated.
Mono: successfully reloaded assembly
- Completed reload, in  0.728 seconds
Platform modules already initialized, skipping
Refreshing native plugins compatible for Editor in 0.18 ms, found 0 plugins.
Preloading 0 native plugins for Editor in 0.00 ms.
Unloading 1108 Unused Serialized files (Serialized files now loaded: 0)
System memory in use before: 62.4 MB.
System memory in use after: 62.5 MB.

Unloading 4 unused Assets to reduce memory usage. Loaded Objects now: 1591.
Total: 1.715600 ms (FindLiveObjects: 0.172200 ms CreateObjectMapping: 0.036300 ms MarkObjects: 1.493000 ms  DeleteObjects: 0.012700 ms)

========================================================================
Received Prepare
Registering precompiled user dll's ...
Registered in 0.000506 seconds.
Begin MonoManager ReloadAssembly
Native extension for WindowsStandalone target not found
Refreshing native plugins compatible for Editor in 0.18 ms, found 0 plugins.
Preloading 0 native plugins for Editor in 0.00 ms.
Invoked RoslynAnalysisRunner static constructor.
RoslynAnalysisRunner will not be running.
RoslynAnalysisRunner has terminated.
Mono: successfully reloaded assembly
- Completed reload, in  0.705 seconds
Platform modules already initialized, skipping
Refreshing native plugins compatible for Editor in 0.18 ms, found 0 plugins.
Preloading 0 native plugins for Editor in 0.00 ms.
Unloading 1108 Unused Serialized files (Serialized files now loaded: 0)
System memory in use before: 62.4 MB.
System memory in use after: 62.5 MB.

Unloading 4 unused Assets to reduce memory usage. Loaded Objects now: 1594.
Total: 1.495300 ms (FindLiveObjects: 0.138000 ms CreateObjectMapping: 0.035200 ms MarkObjects: 1.306400 ms  DeleteObjects: 0.014100 ms)

========================================================================
Received Prepare
Registering precompiled user dll's ...
Registered in 0.000517 seconds.
Begin MonoManager ReloadAssembly
Native extension for WindowsStandalone target not found
Refreshing native plugins compatible for Editor in 0.17 ms, found 0 plugins.
Preloading 0 native plugins for Editor in 0.00 ms.
Invoked RoslynAnalysisRunner static constructor.
RoslynAnalysisRunner will not be running.
RoslynAnalysisRunner has terminated.
Mono: successfully reloaded assembly
- Completed reload, in  0.720 seconds
Platform modules already initialized, skipping
Refreshing native plugins compatible for Editor in 0.19 ms, found 0 plugins.
Preloading 0 native plugins for Editor in 0.00 ms.
Unloading 1109 Unused Serialized files (Serialized files now loaded: 0)
System memory in use before: 62.4 MB.
System memory in use after: 62.5 MB.

Unloading 4 unused Assets to reduce memory usage. Loaded Objects now: 1598.
Total: 1.438500 ms (FindLiveObjects: 0.105200 ms CreateObjectMapping: 0.024400 ms MarkObjects: 1.294200 ms  DeleteObjects: 0.013800 ms)

========================================================================
Received Prepare
Registering precompiled user dll's ...
Registered in 0.000528 seconds.
Begin MonoManager ReloadAssembly
Native extension for WindowsStandalone target not found
Refreshing native plugins compatible for Editor in 0.18 ms, found 0 plugins.
Preloading 0 native plugins for Editor in 0.00 ms.
Invoked RoslynAnalysisRunner static constructor.
RoslynAnalysisRunner will not be running.
RoslynAnalysisRunner has terminated.
Mono: successfully reloaded assembly
- Completed reload, in  0.707 seconds
Platform modules already initialized, skipping
Refreshing native plugins compatible for Editor in 0.21 ms, found 0 plugins.
Preloading 0 native plugins for Editor in 0.00 ms.
Unloading 1108 Unused Serialized files (Serialized files now loaded: 0)
System memory in use before: 62.4 MB.
System memory in use after: 62.5 MB.

Unloading 5 unused Assets to reduce memory usage. Loaded Objects now: 1600.
Total: 1.556400 ms (FindLiveObjects: 0.185700 ms CreateObjectMapping: 0.070700 ms MarkObjects: 1.282600 ms  DeleteObjects: 0.015800 ms)

========================================================================
Received Prepare
Registering precompiled user dll's ...
Registered in 0.000715 seconds.
Begin MonoManager ReloadAssembly
Native extension for WindowsStandalone target not found
Refreshing native plugins compatible for Editor in 0.19 ms, found 0 plugins.
Preloading 0 native plugins for Editor in 0.00 ms.
Invoked RoslynAnalysisRunner static constructor.
RoslynAnalysisRunner will not be running.
RoslynAnalysisRunner has terminated.
Mono: successfully reloaded assembly
- Completed reload, in  0.737 seconds
Platform modules already initialized, skipping
Refreshing native plugins compatible for Editor in 0.34 ms, found 0 plugins.
Preloading 0 native plugins for Editor in 0.00 ms.
Unloading 1108 Unused Serialized files (Serialized files now loaded: 0)
System memory in use before: 62.4 MB.
System memory in use after: 62.5 MB.

Unloading 4 unused Assets to reduce memory usage. Loaded Objects now: 1603.
Total: 1.823300 ms (FindLiveObjects: 0.281200 ms CreateObjectMapping: 0.093800 ms MarkObjects: 1.433100 ms  DeleteObjects: 0.013600 ms)

========================================================================
Received Prepare
Registering precompiled user dll's ...
Registered in 0.000573 seconds.
Begin MonoManager ReloadAssembly
Native extension for WindowsStandalone target not found
Refreshing native plugins compatible for Editor in 0.17 ms, found 0 plugins.
Preloading 0 native plugins for Editor in 0.00 ms.
Invoked RoslynAnalysisRunner static constructor.
RoslynAnalysisRunner will not be running.
RoslynAnalysisRunner has terminated.
Mono: successfully reloaded assembly
- Completed reload, in  0.711 seconds
Platform modules already initialized, skipping
Refreshing native plugins compatible for Editor in 0.22 ms, found 0 plugins.
Preloading 0 native plugins for Editor in 0.00 ms.
Unloading 1108 Unused Serialized files (Serialized files now loaded: 0)
System memory in use before: 62.4 MB.
System memory in use after: 62.5 MB.

Unloading 4 unused Assets to reduce memory usage. Loaded Objects now: 1606.
Total: 1.212500 ms (FindLiveObjects: 0.117000 ms CreateObjectMapping: 0.029800 ms MarkObjects: 1.052900 ms  DeleteObjects: 0.011800 ms)

========================================================================
Received Prepare
Registering precompiled user dll's ...
Registered in 0.000689 seconds.
Begin MonoManager ReloadAssembly
Native extension for WindowsStandalone target not found
Refreshing native plugins compatible for Editor in 0.25 ms, found 0 plugins.
Preloading 0 native plugins for Editor in 0.00 ms.
Invoked RoslynAnalysisRunner static constructor.
RoslynAnalysisRunner will not be running.
RoslynAnalysisRunner has terminated.
Mono: successfully reloaded assembly
- Completed reload, in  0.754 seconds
Platform modules already initialized, skipping
Refreshing native plugins compatible for Editor in 0.33 ms, found 0 plugins.
Preloading 0 native plugins for Editor in 0.00 ms.
Unloading 1108 Unused Serialized files (Serialized files now loaded: 0)
System memory in use before: 62.4 MB.
System memory in use after: 62.5 MB.

Unloading 4 unused Assets to reduce memory usage. Loaded Objects now: 1609.
Total: 1.545500 ms (FindLiveObjects: 0.134200 ms CreateObjectMapping: 0.041800 ms MarkObjects: 1.353100 ms  DeleteObjects: 0.015000 ms)

========================================================================
Received Prepare
Registering precompiled user dll's ...
Registered in 0.000695 seconds.
Begin MonoManager ReloadAssembly
Native extension for WindowsStandalone target not found
Refreshing native plugins compatible for Editor in 0.25 ms, found 0 plugins.
Preloading 0 native plugins for Editor in 0.00 ms.
Invoked RoslynAnalysisRunner static constructor.
RoslynAnalysisRunner will not be running.
RoslynAnalysisRunner has terminated.
Mono: successfully reloaded assembly
- Completed reload, in  0.710 seconds
Platform modules already initialized, skipping
Refreshing native plugins compatible for Editor in 0.20 ms, found 0 plugins.
Preloading 0 native plugins for Editor in 0.00 ms.
Unloading 1108 Unused Serialized files (Serialized files now loaded: 0)
System memory in use before: 62.4 MB.
System memory in use after: 62.5 MB.

Unloading 4 unused Assets to reduce memory usage. Loaded Objects now: 1612.
Total: 1.838000 ms (FindLiveObjects: 0.262400 ms CreateObjectMapping: 0.072000 ms MarkObjects: 1.487900 ms  DeleteObjects: 0.013100 ms)

========================================================================
Received Prepare
Registering precompiled user dll's ...
Registered in 0.000546 seconds.
Begin MonoManager ReloadAssembly
Native extension for WindowsStandalone target not found
Refreshing native plugins compatible for Editor in 0.18 ms, found 0 plugins.
Preloading 0 native plugins for Editor in 0.00 ms.
Invoked RoslynAnalysisRunner static constructor.
RoslynAnalysisRunner will not be running.
RoslynAnalysisRunner has terminated.
Mono: successfully reloaded assembly
- Completed reload, in  0.710 seconds
Platform modules already initialized, skipping
Refreshing native plugins compatible for Editor in 0.31 ms, found 0 plugins.
Preloading 0 native plugins for Editor in 0.00 ms.
Unloading 1108 Unused Serialized files (Serialized files now loaded: 0)
System memory in use before: 62.4 MB.
System memory in use after: 62.5 MB.

Unloading 4 unused Assets to reduce memory usage. Loaded Objects now: 1615.
Total: 1.534800 ms (FindLiveObjects: 0.195900 ms CreateObjectMapping: 0.072200 ms MarkObjects: 1.231300 ms  DeleteObjects: 0.012700 ms)

========================================================================
Received Prepare
Registering precompiled user dll's ...
Registered in 0.000620 seconds.
Begin MonoManager ReloadAssembly
Native extension for WindowsStandalone target not found
Refreshing native plugins compatible for Editor in 0.20 ms, found 0 plugins.
Preloading 0 native plugins for Editor in 0.00 ms.
Invoked RoslynAnalysisRunner static constructor.
RoslynAnalysisRunner will not be running.
RoslynAnalysisRunner has terminated.
Mono: successfully reloaded assembly
- Completed reload, in  0.743 seconds
Platform modules already initialized, skipping
Refreshing native plugins compatible for Editor in 0.20 ms, found 0 plugins.
Preloading 0 native plugins for Editor in 0.00 ms.
Unloading 1108 Unused Serialized files (Serialized files now loaded: 0)
System memory in use before: 62.4 MB.
System memory in use after: 62.5 MB.

Unloading 4 unused Assets to reduce memory usage. Loaded Objects now: 1618.
Total: 2.667200 ms (FindLiveObjects: 0.371500 ms CreateObjectMapping: 0.271500 ms MarkObjects: 1.986700 ms  DeleteObjects: 0.036400 ms)

========================================================================
Received Prepare
Registering precompiled user dll's ...
Registered in 0.000637 seconds.
Begin MonoManager ReloadAssembly
Native extension for WindowsStandalone target not found
Refreshing native plugins compatible for Editor in 0.21 ms, found 0 plugins.
Preloading 0 native plugins for Editor in 0.00 ms.
Invoked RoslynAnalysisRunner static constructor.
RoslynAnalysisRunner will not be running.
RoslynAnalysisRunner has terminated.
Mono: successfully reloaded assembly
- Completed reload, in  0.723 seconds
Platform modules already initialized, skipping
Refreshing native plugins compatible for Editor in 0.20 ms, found 0 plugins.
Preloading 0 native plugins for Editor in 0.00 ms.
Unloading 1108 Unused Serialized files (Serialized files now loaded: 0)
System memory in use before: 62.4 MB.
System memory in use after: 62.5 MB.

Unloading 4 unused Assets to reduce memory usage. Loaded Objects now: 1621.
Total: 1.628900 ms (FindLiveObjects: 0.115000 ms CreateObjectMapping: 0.029300 ms MarkObjects: 1.450800 ms  DeleteObjects: 0.032800 ms)

========================================================================
Received Prepare
Registering precompiled user dll's ...
Registered in 0.000553 seconds.
Begin MonoManager ReloadAssembly
Native extension for WindowsStandalone target not found
Refreshing native plugins compatible for Editor in 0.18 ms, found 0 plugins.
Preloading 0 native plugins for Editor in 0.00 ms.
Invoked RoslynAnalysisRunner static constructor.
RoslynAnalysisRunner will not be running.
RoslynAnalysisRunner has terminated.
Mono: successfully reloaded assembly
- Completed reload, in  0.729 seconds
Platform modules already initialized, skipping
Refreshing native plugins compatible for Editor in 0.31 ms, found 0 plugins.
Preloading 0 native plugins for Editor in 0.00 ms.
Unloading 1108 Unused Serialized files (Serialized files now loaded: 0)
System memory in use before: 62.4 MB.
System memory in use after: 62.5 MB.

Unloading 4 unused Assets to reduce memory usage. Loaded Objects now: 1624.
Total: 1.544200 ms (FindLiveObjects: 0.197900 ms CreateObjectMapping: 0.035500 ms MarkObjects: 1.296200 ms  DeleteObjects: 0.013500 ms)

========================================================================
Received Prepare
Registering precompiled user dll's ...
Registered in 0.000528 seconds.
Begin MonoManager ReloadAssembly
Native extension for WindowsStandalone target not found
Refreshing native plugins compatible for Editor in 0.17 ms, found 0 plugins.
Preloading 0 native plugins for Editor in 0.00 ms.
Invoked RoslynAnalysisRunner static constructor.
RoslynAnalysisRunner will not be running.
RoslynAnalysisRunner has terminated.
Mono: successfully reloaded assembly
- Completed reload, in  0.736 seconds
Platform modules already initialized, skipping
Refreshing native plugins compatible for Editor in 0.19 ms, found 0 plugins.
Preloading 0 native plugins for Editor in 0.00 ms.
Unloading 1108 Unused Serialized files (Serialized files now loaded: 0)
System memory in use before: 62.4 MB.
System memory in use after: 62.5 MB.

Unloading 4 unused Assets to reduce memory usage. Loaded Objects now: 1627.
Total: 1.892100 ms (FindLiveObjects: 0.254700 ms CreateObjectMapping: 0.120400 ms MarkObjects: 1.502400 ms  DeleteObjects: 0.013300 ms)

========================================================================
Received Prepare
Registering precompiled user dll's ...
Registered in 0.000747 seconds.
Begin MonoManager ReloadAssembly
Native extension for WindowsStandalone target not found
Refreshing native plugins compatible for Editor in 0.18 ms, found 0 plugins.
Preloading 0 native plugins for Editor in 0.00 ms.
Invoked RoslynAnalysisRunner static constructor.
RoslynAnalysisRunner will not be running.
RoslynAnalysisRunner has terminated.
Mono: successfully reloaded assembly
- Completed reload, in  0.716 seconds
Platform modules already initialized, skipping
Refreshing native plugins compatible for Editor in 0.37 ms, found 0 plugins.
Preloading 0 native plugins for Editor in 0.00 ms.
Unloading 1108 Unused Serialized files (Serialized files now loaded: 0)
System memory in use before: 62.4 MB.
System memory in use after: 62.5 MB.

Unloading 4 unused Assets to reduce memory usage. Loaded Objects now: 1630.
Total: 1.875000 ms (FindLiveObjects: 0.188000 ms CreateObjectMapping: 0.037700 ms MarkObjects: 1.634800 ms  DeleteObjects: 0.013300 ms)

========================================================================
Received Prepare
Registering precompiled user dll's ...
Registered in 0.000565 seconds.
Begin MonoManager ReloadAssembly
Native extension for WindowsStandalone target not found
Refreshing native plugins compatible for Editor in 0.19 ms, found 0 plugins.
Preloading 0 native plugins for Editor in 0.00 ms.
Invoked RoslynAnalysisRunner static constructor.
RoslynAnalysisRunner will not be running.
RoslynAnalysisRunner has terminated.
Mono: successfully reloaded assembly
- Completed reload, in  0.715 seconds
Platform modules already initialized, skipping
Refreshing native plugins compatible for Editor in 0.19 ms, found 0 plugins.
Preloading 0 native plugins for Editor in 0.00 ms.
Unloading 1108 Unused Serialized files (Serialized files now loaded: 0)
System memory in use before: 62.4 MB.
System memory in use after: 62.5 MB.

Unloading 4 unused Assets to reduce memory usage. Loaded Objects now: 1633.
Total: 1.506200 ms (FindLiveObjects: 0.119400 ms CreateObjectMapping: 0.032000 ms MarkObjects: 1.341800 ms  DeleteObjects: 0.011900 ms)

========================================================================
Received Prepare
Registering precompiled user dll's ...
Registered in 0.000550 seconds.
Begin MonoManager ReloadAssembly
Native extension for WindowsStandalone target not found
Refreshing native plugins compatible for Editor in 0.18 ms, found 0 plugins.
Preloading 0 native plugins for Editor in 0.00 ms.
Invoked RoslynAnalysisRunner static constructor.
RoslynAnalysisRunner will not be running.
RoslynAnalysisRunner has terminated.
Mono: successfully reloaded assembly
- Completed reload, in  0.721 seconds
Platform modules already initialized, skipping
Refreshing native plugins compatible for Editor in 0.22 ms, found 0 plugins.
Preloading 0 native plugins for Editor in 0.00 ms.
Unloading 1108 Unused Serialized files (Serialized files now loaded: 0)
System memory in use before: 62.4 MB.
System memory in use after: 62.5 MB.

Unloading 4 unused Assets to reduce memory usage. Loaded Objects now: 1636.
Total: 2.601800 ms (FindLiveObjects: 0.238900 ms CreateObjectMapping: 0.097900 ms MarkObjects: 2.251500 ms  DeleteObjects: 0.012600 ms)

========================================================================
Received Prepare
Registering precompiled user dll's ...
Registered in 0.000517 seconds.
Begin MonoManager ReloadAssembly
Native extension for WindowsStandalone target not found
Refreshing native plugins compatible for Editor in 0.18 ms, found 0 plugins.
Preloading 0 native plugins for Editor in 0.00 ms.
Invoked RoslynAnalysisRunner static constructor.
RoslynAnalysisRunner will not be running.
RoslynAnalysisRunner has terminated.
Mono: successfully reloaded assembly
- Completed reload, in  0.729 seconds
Platform modules already initialized, skipping
Refreshing native plugins compatible for Editor in 0.19 ms, found 0 plugins.
Preloading 0 native plugins for Editor in 0.00 ms.
Unloading 1108 Unused Serialized files (Serialized files now loaded: 0)
System memory in use before: 62.4 MB.
System memory in use after: 62.5 MB.

Unloading 4 unused Assets to reduce memory usage. Loaded Objects now: 1639.
Total: 1.832200 ms (FindLiveObjects: 0.131900 ms CreateObjectMapping: 0.032000 ms MarkObjects: 1.654500 ms  DeleteObjects: 0.012900 ms)

========================================================================
Received Prepare
Registering precompiled user dll's ...
Registered in 0.000583 seconds.
Begin MonoManager ReloadAssembly
Native extension for WindowsStandalone target not found
Refreshing native plugins compatible for Editor in 0.17 ms, found 0 plugins.
Preloading 0 native plugins for Editor in 0.00 ms.
Invoked RoslynAnalysisRunner static constructor.
RoslynAnalysisRunner will not be running.
RoslynAnalysisRunner has terminated.
Mono: successfully reloaded assembly
- Completed reload, in  0.718 seconds
Platform modules already initialized, skipping
Refreshing native plugins compatible for Editor in 0.20 ms, found 0 plugins.
Preloading 0 native plugins for Editor in 0.00 ms.
Unloading 1108 Unused Serialized files (Serialized files now loaded: 0)
System memory in use before: 62.5 MB.
System memory in use after: 62.6 MB.

Unloading 4 unused Assets to reduce memory usage. Loaded Objects now: 1642.
Total: 1.575800 ms (FindLiveObjects: 0.207100 ms CreateObjectMapping: 0.055200 ms MarkObjects: 1.299600 ms  DeleteObjects: 0.012800 ms)

========================================================================
Received Prepare
Registering precompiled user dll's ...
Registered in 0.000571 seconds.
Begin MonoManager ReloadAssembly
Native extension for WindowsStandalone target not found
Refreshing native plugins compatible for Editor in 0.18 ms, found 0 plugins.
Preloading 0 native plugins for Editor in 0.00 ms.
Invoked RoslynAnalysisRunner static constructor.
RoslynAnalysisRunner will not be running.
RoslynAnalysisRunner has terminated.
Mono: successfully reloaded assembly
- Completed reload, in  0.723 seconds
Platform modules already initialized, skipping
Refreshing native plugins compatible for Editor in 0.31 ms, found 0 plugins.
Preloading 0 native plugins for Editor in 0.00 ms.
Unloading 1108 Unused Serialized files (Serialized files now loaded: 0)
System memory in use before: 62.5 MB.
System memory in use after: 62.6 MB.

Unloading 4 unused Assets to reduce memory usage. Loaded Objects now: 1645.
Total: 1.645900 ms (FindLiveObjects: 0.135200 ms CreateObjectMapping: 0.034600 ms MarkObjects: 1.458300 ms  DeleteObjects: 0.016600 ms)

========================================================================
Received Prepare
Registering precompiled user dll's ...
Registered in 0.000585 seconds.
Begin MonoManager ReloadAssembly
Native extension for WindowsStandalone target not found
Refreshing native plugins compatible for Editor in 0.17 ms, found 0 plugins.
Preloading 0 native plugins for Editor in 0.00 ms.
Invoked RoslynAnalysisRunner static constructor.
RoslynAnalysisRunner will not be running.
RoslynAnalysisRunner has terminated.
Mono: successfully reloaded assembly
- Completed reload, in  0.716 seconds
Platform modules already initialized, skipping
Refreshing native plugins compatible for Editor in 0.29 ms, found 0 plugins.
Preloading 0 native plugins for Editor in 0.00 ms.
Unloading 1108 Unused Serialized files (Serialized files now loaded: 0)
System memory in use before: 62.5 MB.
System memory in use after: 62.6 MB.

Unloading 4 unused Assets to reduce memory usage. Loaded Objects now: 1648.
Total: 1.316300 ms (FindLiveObjects: 0.132800 ms CreateObjectMapping: 0.034600 ms MarkObjects: 1.135000 ms  DeleteObjects: 0.012700 ms)

========================================================================
Received Prepare
Registering precompiled user dll's ...
Registered in 0.000622 seconds.
Begin MonoManager ReloadAssembly
Native extension for WindowsStandalone target not found
Refreshing native plugins compatible for Editor in 0.17 ms, found 0 plugins.
Preloading 0 native plugins for Editor in 0.00 ms.
Invoked RoslynAnalysisRunner static constructor.
RoslynAnalysisRunner will not be running.
RoslynAnalysisRunner has terminated.
Mono: successfully reloaded assembly
- Completed reload, in  0.718 seconds
Platform modules already initialized, skipping
Refreshing native plugins compatible for Editor in 0.31 ms, found 0 plugins.
Preloading 0 native plugins for Editor in 0.00 ms.
Unloading 1108 Unused Serialized files (Serialized files now loaded: 0)
System memory in use before: 62.5 MB.
System memory in use after: 62.6 MB.

Unloading 4 unused Assets to reduce memory usage. Loaded Objects now: 1651.
Total: 1.856300 ms (FindLiveObjects: 0.237700 ms CreateObjectMapping: 0.073200 ms MarkObjects: 1.529900 ms  DeleteObjects: 0.013900 ms)

========================================================================
Received Prepare
Registering precompiled user dll's ...
Registered in 0.000545 seconds.
Begin MonoManager ReloadAssembly
Native extension for WindowsStandalone target not found
Refreshing native plugins compatible for Editor in 0.18 ms, found 0 plugins.
Preloading 0 native plugins for Editor in 0.00 ms.
Invoked RoslynAnalysisRunner static constructor.
RoslynAnalysisRunner will not be running.
RoslynAnalysisRunner has terminated.
Mono: successfully reloaded assembly
- Completed reload, in  0.704 seconds
Platform modules already initialized, skipping
Refreshing native plugins compatible for Editor in 0.35 ms, found 0 plugins.
Preloading 0 native plugins for Editor in 0.00 ms.
Unloading 1108 Unused Serialized files (Serialized files now loaded: 0)
System memory in use before: 62.5 MB.
System memory in use after: 62.6 MB.

Unloading 4 unused Assets to reduce memory usage. Loaded Objects now: 1654.
Total: 1.870100 ms (FindLiveObjects: 0.255700 ms CreateObjectMapping: 0.074400 ms MarkObjects: 1.351500 ms  DeleteObjects: 0.187100 ms)

========================================================================
Received Prepare
Registering precompiled user dll's ...
Registered in 0.000578 seconds.
Begin MonoManager ReloadAssembly
Native extension for WindowsStandalone target not found
Refreshing native plugins compatible for Editor in 0.17 ms, found 0 plugins.
Preloading 0 native plugins for Editor in 0.00 ms.
Invoked RoslynAnalysisRunner static constructor.
RoslynAnalysisRunner will not be running.
RoslynAnalysisRunner has terminated.
Mono: successfully reloaded assembly
- Completed reload, in  0.719 seconds
Platform modules already initialized, skipping
Refreshing native plugins compatible for Editor in 0.46 ms, found 0 plugins.
Preloading 0 native plugins for Editor in 0.00 ms.
Unloading 1108 Unused Serialized files (Serialized files now loaded: 0)
System memory in use before: 62.5 MB.
System memory in use after: 62.6 MB.

Unloading 4 unused Assets to reduce memory usage. Loaded Objects now: 1657.
Total: 2.657500 ms (FindLiveObjects: 0.460000 ms CreateObjectMapping: 0.067600 ms MarkObjects: 2.112000 ms  DeleteObjects: 0.016200 ms)

========================================================================
Received Prepare
Registering precompiled user dll's ...
Registered in 0.000860 seconds.
Begin MonoManager ReloadAssembly
Native extension for WindowsStandalone target not found
Refreshing native plugins compatible for Editor in 0.19 ms, found 0 plugins.
Preloading 0 native plugins for Editor in 0.00 ms.
Invoked RoslynAnalysisRunner static constructor.
RoslynAnalysisRunner will not be running.
RoslynAnalysisRunner has terminated.
Mono: successfully reloaded assembly
- Completed reload, in  0.685 seconds
Platform modules already initialized, skipping
Refreshing native plugins compatible for Editor in 0.32 ms, found 0 plugins.
Preloading 0 native plugins for Editor in 0.00 ms.
Unloading 1108 Unused Serialized files (Serialized files now loaded: 0)
System memory in use before: 62.5 MB.
System memory in use after: 62.6 MB.

Unloading 4 unused Assets to reduce memory usage. Loaded Objects now: 1660.
Total: 1.568000 ms (FindLiveObjects: 0.190700 ms CreateObjectMapping: 0.041500 ms MarkObjects: 1.319600 ms  DeleteObjects: 0.015300 ms)

========================================================================
Received Prepare
Registering precompiled user dll's ...
Registered in 0.001131 seconds.
Begin MonoManager ReloadAssembly
Native extension for WindowsStandalone target not found
Refreshing native plugins compatible for Editor in 0.18 ms, found 0 plugins.
Preloading 0 native plugins for Editor in 0.00 ms.
Invoked RoslynAnalysisRunner static constructor.
RoslynAnalysisRunner will not be running.
RoslynAnalysisRunner has terminated.
Mono: successfully reloaded assembly
- Completed reload, in  0.710 seconds
Platform modules already initialized, skipping
Refreshing native plugins compatible for Editor in 0.30 ms, found 0 plugins.
Preloading 0 native plugins for Editor in 0.00 ms.
Unloading 1108 Unused Serialized files (Serialized files now loaded: 0)
System memory in use before: 62.5 MB.
System memory in use after: 62.6 MB.

Unloading 4 unused Assets to reduce memory usage. Loaded Objects now: 1663.
Total: 1.760600 ms (FindLiveObjects: 0.288600 ms CreateObjectMapping: 0.059400 ms MarkObjects: 1.379700 ms  DeleteObjects: 0.011700 ms)

========================================================================
Received Prepare
Registering precompiled user dll's ...
Registered in 0.000610 seconds.
Begin MonoManager ReloadAssembly
Native extension for WindowsStandalone target not found
Refreshing native plugins compatible for Editor in 0.17 ms, found 0 plugins.
Preloading 0 native plugins for Editor in 0.00 ms.
Invoked RoslynAnalysisRunner static constructor.
RoslynAnalysisRunner will not be running.
RoslynAnalysisRunner has terminated.
Mono: successfully reloaded assembly
- Completed reload, in  0.714 seconds
Platform modules already initialized, skipping
Refreshing native plugins compatible for Editor in 0.31 ms, found 0 plugins.
Preloading 0 native plugins for Editor in 0.00 ms.
Unloading 1108 Unused Serialized files (Serialized files now loaded: 0)
System memory in use before: 62.5 MB.
System memory in use after: 62.6 MB.

Unloading 4 unused Assets to reduce memory usage. Loaded Objects now: 1666.
Total: 1.729000 ms (FindLiveObjects: 0.344700 ms CreateObjectMapping: 0.071600 ms MarkObjects: 1.294600 ms  DeleteObjects: 0.016800 ms)

========================================================================
Received Prepare
Registering precompiled user dll's ...
Registered in 0.000527 seconds.
Begin MonoManager ReloadAssembly
Native extension for WindowsStandalone target not found
Refreshing native plugins compatible for Editor in 0.18 ms, found 0 plugins.
Preloading 0 native plugins for Editor in 0.00 ms.
Invoked RoslynAnalysisRunner static constructor.
RoslynAnalysisRunner will not be running.
RoslynAnalysisRunner has terminated.
Mono: successfully reloaded assembly
- Completed reload, in  0.733 seconds
Platform modules already initialized, skipping
Refreshing native plugins compatible for Editor in 0.18 ms, found 0 plugins.
Preloading 0 native plugins for Editor in 0.00 ms.
Unloading 1108 Unused Serialized files (Serialized files now loaded: 0)
System memory in use before: 62.5 MB.
System memory in use after: 62.6 MB.

Unloading 4 unused Assets to reduce memory usage. Loaded Objects now: 1669.
Total: 2.097400 ms (FindLiveObjects: 0.122500 ms CreateObjectMapping: 0.032600 ms MarkObjects: 1.928800 ms  DeleteObjects: 0.012400 ms)

========================================================================
Received Prepare
Registering precompiled user dll's ...
Registered in 0.000495 seconds.
Begin MonoManager ReloadAssembly
Native extension for WindowsStandalone target not found
Refreshing native plugins compatible for Editor in 0.19 ms, found 0 plugins.
Preloading 0 native plugins for Editor in 0.00 ms.
Invoked RoslynAnalysisRunner static constructor.
RoslynAnalysisRunner will not be running.
RoslynAnalysisRunner has terminated.
Mono: successfully reloaded assembly
- Completed reload, in  0.717 seconds
Platform modules already initialized, skipping
Refreshing native plugins compatible for Editor in 0.29 ms, found 0 plugins.
Preloading 0 native plugins for Editor in 0.00 ms.
Unloading 1108 Unused Serialized files (Serialized files now loaded: 0)
System memory in use before: 62.6 MB.
System memory in use after: 62.7 MB.

Unloading 4 unused Assets to reduce memory usage. Loaded Objects now: 1672.
Total: 1.448800 ms (FindLiveObjects: 0.140200 ms CreateObjectMapping: 0.036600 ms MarkObjects: 1.253100 ms  DeleteObjects: 0.017600 ms)

========================================================================
Received Prepare
Registering precompiled user dll's ...
Registered in 0.000545 seconds.
Begin MonoManager ReloadAssembly
Native extension for WindowsStandalone target not found
Refreshing native plugins compatible for Editor in 0.17 ms, found 0 plugins.
Preloading 0 native plugins for Editor in 0.00 ms.
Invoked RoslynAnalysisRunner static constructor.
RoslynAnalysisRunner will not be running.
RoslynAnalysisRunner has terminated.
Mono: successfully reloaded assembly
- Completed reload, in  0.737 seconds
Platform modules already initialized, skipping
Refreshing native plugins compatible for Editor in 0.19 ms, found 0 plugins.
Preloading 0 native plugins for Editor in 0.00 ms.
Unloading 1108 Unused Serialized files (Serialized files now loaded: 0)
System memory in use before: 62.6 MB.
System memory in use after: 62.7 MB.

Unloading 4 unused Assets to reduce memory usage. Loaded Objects now: 1675.
Total: 2.428400 ms (FindLiveObjects: 0.125500 ms CreateObjectMapping: 0.033300 ms MarkObjects: 2.255100 ms  DeleteObjects: 0.013400 ms)

========================================================================
Received Prepare
Registering precompiled user dll's ...
Registered in 0.000484 seconds.
Begin MonoManager ReloadAssembly
Native extension for WindowsStandalone target not found
Refreshing native plugins compatible for Editor in 0.17 ms, found 0 plugins.
Preloading 0 native plugins for Editor in 0.00 ms.
Invoked RoslynAnalysisRunner static constructor.
RoslynAnalysisRunner will not be running.
RoslynAnalysisRunner has terminated.
Mono: successfully reloaded assembly
- Completed reload, in  0.702 seconds
Platform modules already initialized, skipping
Refreshing native plugins compatible for Editor in 0.35 ms, found 0 plugins.
Preloading 0 native plugins for Editor in 0.00 ms.
Unloading 1108 Unused Serialized files (Serialized files now loaded: 0)
System memory in use before: 62.6 MB.
System memory in use after: 62.7 MB.

Unloading 4 unused Assets to reduce memory usage. Loaded Objects now: 1678.
Total: 2.397000 ms (FindLiveObjects: 0.275800 ms CreateObjectMapping: 0.095600 ms MarkObjects: 1.991600 ms  DeleteObjects: 0.032400 ms)

========================================================================
Received Prepare
Registering precompiled user dll's ...
Registered in 0.000752 seconds.
Begin MonoManager ReloadAssembly
Native extension for WindowsStandalone target not found
Refreshing native plugins compatible for Editor in 0.18 ms, found 0 plugins.
Preloading 0 native plugins for Editor in 0.00 ms.
Invoked RoslynAnalysisRunner static constructor.
RoslynAnalysisRunner will not be running.
RoslynAnalysisRunner has terminated.
Mono: successfully reloaded assembly
- Completed reload, in  0.714 seconds
Platform modules already initialized, skipping
Refreshing native plugins compatible for Editor in 0.43 ms, found 0 plugins.
Preloading 0 native plugins for Editor in 0.00 ms.
Unloading 1108 Unused Serialized files (Serialized files now loaded: 0)
System memory in use before: 62.6 MB.
System memory in use after: 62.7 MB.

Unloading 4 unused Assets to reduce memory usage. Loaded Objects now: 1681.
Total: 2.175800 ms (FindLiveObjects: 0.426600 ms CreateObjectMapping: 0.202000 ms MarkObjects: 1.494800 ms  DeleteObjects: 0.036100 ms)

========================================================================
Received Prepare
Registering precompiled user dll's ...
Registered in 0.000609 seconds.
Begin MonoManager ReloadAssembly
Native extension for WindowsStandalone target not found
Refreshing native plugins compatible for Editor in 0.23 ms, found 0 plugins.
Preloading 0 native plugins for Editor in 0.00 ms.
Invoked RoslynAnalysisRunner static constructor.
RoslynAnalysisRunner will not be running.
RoslynAnalysisRunner has terminated.
Mono: successfully reloaded assembly
- Completed reload, in  0.709 seconds
Platform modules already initialized, skipping
Refreshing native plugins compatible for Editor in 0.32 ms, found 0 plugins.
Preloading 0 native plugins for Editor in 0.00 ms.
Unloading 1108 Unused Serialized files (Serialized files now loaded: 0)
System memory in use before: 62.6 MB.
System memory in use after: 62.7 MB.

Unloading 4 unused Assets to reduce memory usage. Loaded Objects now: 1684.
Total: 1.601600 ms (FindLiveObjects: 0.223800 ms CreateObjectMapping: 0.041300 ms MarkObjects: 1.323100 ms  DeleteObjects: 0.012300 ms)

========================================================================
Received Prepare
Registering precompiled user dll's ...
Registered in 0.000635 seconds.
Begin MonoManager ReloadAssembly
Native extension for WindowsStandalone target not found
Refreshing native plugins compatible for Editor in 0.17 ms, found 0 plugins.
Preloading 0 native plugins for Editor in 0.00 ms.
Invoked RoslynAnalysisRunner static constructor.
RoslynAnalysisRunner will not be running.
RoslynAnalysisRunner has terminated.
Mono: successfully reloaded assembly
- Completed reload, in  0.725 seconds
Platform modules already initialized, skipping
Refreshing native plugins compatible for Editor in 0.30 ms, found 0 plugins.
Preloading 0 native plugins for Editor in 0.00 ms.
Unloading 1108 Unused Serialized files (Serialized files now loaded: 0)
System memory in use before: 62.6 MB.
System memory in use after: 62.7 MB.

Unloading 4 unused Assets to reduce memory usage. Loaded Objects now: 1687.
Total: 2.213700 ms (FindLiveObjects: 0.189100 ms CreateObjectMapping: 0.106000 ms MarkObjects: 1.887300 ms  DeleteObjects: 0.030600 ms)

========================================================================
Received Prepare
Registering precompiled user dll's ...
Registered in 0.000534 seconds.
Begin MonoManager ReloadAssembly
Native extension for WindowsStandalone target not found
Refreshing native plugins compatible for Editor in 0.17 ms, found 0 plugins.
Preloading 0 native plugins for Editor in 0.00 ms.
Invoked RoslynAnalysisRunner static constructor.
RoslynAnalysisRunner will not be running.
RoslynAnalysisRunner has terminated.
Mono: successfully reloaded assembly
- Completed reload, in  0.702 seconds
Platform modules already initialized, skipping
Refreshing native plugins compatible for Editor in 0.29 ms, found 0 plugins.
Preloading 0 native plugins for Editor in 0.00 ms.
Unloading 1108 Unused Serialized files (Serialized files now loaded: 0)
System memory in use before: 62.6 MB.
System memory in use after: 62.7 MB.

Unloading 4 unused Assets to reduce memory usage. Loaded Objects now: 1690.
Total: 2.418400 ms (FindLiveObjects: 0.309000 ms CreateObjectMapping: 0.115100 ms MarkObjects: 1.971500 ms  DeleteObjects: 0.021500 ms)

========================================================================
Received Prepare
Registering precompiled user dll's ...
Registered in 0.000518 seconds.
Begin MonoManager ReloadAssembly
Native extension for WindowsStandalone target not found
Refreshing native plugins compatible for Editor in 0.18 ms, found 0 plugins.
Preloading 0 native plugins for Editor in 0.00 ms.
Invoked RoslynAnalysisRunner static constructor.
RoslynAnalysisRunner will not be running.
RoslynAnalysisRunner has terminated.
Mono: successfully reloaded assembly
- Completed reload, in  0.714 seconds
Platform modules already initialized, skipping
Refreshing native plugins compatible for Editor in 0.30 ms, found 0 plugins.
Preloading 0 native plugins for Editor in 0.00 ms.
Unloading 1108 Unused Serialized files (Serialized files now loaded: 0)
System memory in use before: 62.6 MB.
System memory in use after: 62.7 MB.

Unloading 4 unused Assets to reduce memory usage. Loaded Objects now: 1693.
Total: 1.865700 ms (FindLiveObjects: 0.311200 ms CreateObjectMapping: 0.106900 ms MarkObjects: 1.434600 ms  DeleteObjects: 0.011900 ms)

========================================================================
Received Prepare
Registering precompiled user dll's ...
Registered in 0.000633 seconds.
Begin MonoManager ReloadAssembly
Native extension for WindowsStandalone target not found
Refreshing native plugins compatible for Editor in 0.23 ms, found 0 plugins.
Preloading 0 native plugins for Editor in 0.00 ms.
Invoked RoslynAnalysisRunner static constructor.
RoslynAnalysisRunner will not be running.
RoslynAnalysisRunner has terminated.
Mono: successfully reloaded assembly
- Completed reload, in  0.722 seconds
Platform modules already initialized, skipping
Refreshing native plugins compatible for Editor in 0.20 ms, found 0 plugins.
Preloading 0 native plugins for Editor in 0.00 ms.
Unloading 1108 Unused Serialized files (Serialized files now loaded: 0)
System memory in use before: 62.6 MB.
System memory in use after: 62.7 MB.

Unloading 4 unused Assets to reduce memory usage. Loaded Objects now: 1696.
Total: 2.416700 ms (FindLiveObjects: 0.245500 ms CreateObjectMapping: 0.059100 ms MarkObjects: 2.099600 ms  DeleteObjects: 0.011600 ms)

========================================================================
Received Prepare
Registering precompiled user dll's ...
Registered in 0.000482 seconds.
Begin MonoManager ReloadAssembly
Native extension for WindowsStandalone target not found
Refreshing native plugins compatible for Editor in 0.18 ms, found 0 plugins.
Preloading 0 native plugins for Editor in 0.00 ms.
Invoked RoslynAnalysisRunner static constructor.
RoslynAnalysisRunner will not be running.
RoslynAnalysisRunner has terminated.
Mono: successfully reloaded assembly
- Completed reload, in  0.734 seconds
Platform modules already initialized, skipping
Refreshing native plugins compatible for Editor in 0.21 ms, found 0 plugins.
Preloading 0 native plugins for Editor in 0.00 ms.
Unloading 1108 Unused Serialized files (Serialized files now loaded: 0)
System memory in use before: 62.6 MB.
System memory in use after: 62.7 MB.

Unloading 4 unused Assets to reduce memory usage. Loaded Objects now: 1699.
Total: 2.269400 ms (FindLiveObjects: 0.218500 ms CreateObjectMapping: 0.071900 ms MarkObjects: 1.960700 ms  DeleteObjects: 0.016500 ms)

========================================================================
Received Prepare
Registering precompiled user dll's ...
Registered in 0.000620 seconds.
Begin MonoManager ReloadAssembly
Native extension for WindowsStandalone target not found
Refreshing native plugins compatible for Editor in 0.19 ms, found 0 plugins.
Preloading 0 native plugins for Editor in 0.00 ms.
Invoked RoslynAnalysisRunner static constructor.
RoslynAnalysisRunner will not be running.
RoslynAnalysisRunner has terminated.
Mono: successfully reloaded assembly
- Completed reload, in  0.702 seconds
Platform modules already initialized, skipping
Refreshing native plugins compatible for Editor in 0.21 ms, found 0 plugins.
Preloading 0 native plugins for Editor in 0.00 ms.
Unloading 1108 Unused Serialized files (Serialized files now loaded: 0)
System memory in use before: 62.6 MB.
System memory in use after: 62.7 MB.

Unloading 4 unused Assets to reduce memory usage. Loaded Objects now: 1702.
Total: 1.768400 ms (FindLiveObjects: 0.265900 ms CreateObjectMapping: 0.103800 ms MarkObjects: 1.375600 ms  DeleteObjects: 0.021400 ms)

========================================================================
Received Prepare
Registering precompiled user dll's ...
Registered in 0.000564 seconds.
Begin MonoManager ReloadAssembly
Native extension for WindowsStandalone target not found
Refreshing native plugins compatible for Editor in 0.18 ms, found 0 plugins.
Preloading 0 native plugins for Editor in 0.00 ms.
Invoked RoslynAnalysisRunner static constructor.
RoslynAnalysisRunner will not be running.
RoslynAnalysisRunner has terminated.
Mono: successfully reloaded assembly
- Completed reload, in  0.732 seconds
Platform modules already initialized, skipping
Refreshing native plugins compatible for Editor in 0.18 ms, found 0 plugins.
Preloading 0 native plugins for Editor in 0.00 ms.
Unloading 1108 Unused Serialized files (Serialized files now loaded: 0)
System memory in use before: 62.6 MB.
System memory in use after: 62.7 MB.

Unloading 4 unused Assets to reduce memory usage. Loaded Objects now: 1705.
Total: 1.969900 ms (FindLiveObjects: 0.272900 ms CreateObjectMapping: 0.105000 ms MarkObjects: 1.574800 ms  DeleteObjects: 0.015900 ms)

========================================================================
Received Prepare
Registering precompiled user dll's ...
Registered in 0.000506 seconds.
Begin MonoManager ReloadAssembly
Native extension for WindowsStandalone target not found
Refreshing native plugins compatible for Editor in 0.17 ms, found 0 plugins.
Preloading 0 native plugins for Editor in 0.00 ms.
Invoked RoslynAnalysisRunner static constructor.
RoslynAnalysisRunner will not be running.
RoslynAnalysisRunner has terminated.
Mono: successfully reloaded assembly
- Completed reload, in  0.709 seconds
Platform modules already initialized, skipping
Refreshing native plugins compatible for Editor in 0.32 ms, found 0 plugins.
Preloading 0 native plugins for Editor in 0.00 ms.
Unloading 1108 Unused Serialized files (Serialized files now loaded: 0)
System memory in use before: 62.6 MB.
System memory in use after: 62.7 MB.

Unloading 4 unused Assets to reduce memory usage. Loaded Objects now: 1708.
Total: 1.793900 ms (FindLiveObjects: 0.271700 ms CreateObjectMapping: 0.038900 ms MarkObjects: 1.383100 ms  DeleteObjects: 0.099200 ms)

========================================================================
Received Prepare
Registering precompiled user dll's ...
Registered in 0.000505 seconds.
Begin MonoManager ReloadAssembly
Native extension for WindowsStandalone target not found
Refreshing native plugins compatible for Editor in 0.32 ms, found 0 plugins.
Preloading 0 native plugins for Editor in 0.00 ms.
Invoked RoslynAnalysisRunner static constructor.
RoslynAnalysisRunner will not be running.
RoslynAnalysisRunner has terminated.
Mono: successfully reloaded assembly
- Completed reload, in  0.707 seconds
Platform modules already initialized, skipping
Refreshing native plugins compatible for Editor in 0.36 ms, found 0 plugins.
Preloading 0 native plugins for Editor in 0.00 ms.
Unloading 1108 Unused Serialized files (Serialized files now loaded: 0)
System memory in use before: 62.6 MB.
System memory in use after: 62.7 MB.

Unloading 4 unused Assets to reduce memory usage. Loaded Objects now: 1711.
Total: 2.074200 ms (FindLiveObjects: 0.450100 ms CreateObjectMapping: 0.109100 ms MarkObjects: 1.499900 ms  DeleteObjects: 0.013500 ms)

========================================================================
Received Prepare
Registering precompiled user dll's ...
Registered in 0.000544 seconds.
Begin MonoManager ReloadAssembly
Native extension for WindowsStandalone target not found
Refreshing native plugins compatible for Editor in 0.23 ms, found 0 plugins.
Preloading 0 native plugins for Editor in 0.00 ms.
Invoked RoslynAnalysisRunner static constructor.
RoslynAnalysisRunner will not be running.
RoslynAnalysisRunner has terminated.
Mono: successfully reloaded assembly
- Completed reload, in  0.738 seconds
Platform modules already initialized, skipping
Refreshing native plugins compatible for Editor in 0.33 ms, found 0 plugins.
Preloading 0 native plugins for Editor in 0.00 ms.
Unloading 1108 Unused Serialized files (Serialized files now loaded: 0)
System memory in use before: 62.6 MB.
System memory in use after: 62.7 MB.

Unloading 4 unused Assets to reduce memory usage. Loaded Objects now: 1714.
Total: 1.834100 ms (FindLiveObjects: 0.176300 ms CreateObjectMapping: 0.037800 ms MarkObjects: 1.602700 ms  DeleteObjects: 0.016200 ms)

========================================================================
Received Import Request.
  Time since last request: 3335.738376 seconds.
  path: Assets/Script/AsyncScene.cs
  artifactKey: Guid(d18b9169f2301134ab7eafca53f386e1) Importer(815301076,1909f56bfc062723c751e8b465ee728b)
Start importing Assets/Script/AsyncScene.cs using Guid(d18b9169f2301134ab7eafca53f386e1) Importer(815301076,1909f56bfc062723c751e8b465ee728b)  -> (artifact id: '4b985626a30e9b822d9f37239dc80705') in 0.005649 seconds
  Import took 0.007684 seconds .

========================================================================
Received Import Request.
  Time since last request: 0.003592 seconds.
  path: Assets/Script/AsyncScene.cs
  artifactKey: Guid(d18b9169f2301134ab7eafca53f386e1) Importer(815301076,1909f56bfc062723c751e8b465ee728b)
Start importing Assets/Script/AsyncScene.cs using Guid(d18b9169f2301134ab7eafca53f386e1) Importer(815301076,1909f56bfc062723c751e8b465ee728b)  -> (artifact id: '4b985626a30e9b822d9f37239dc80705') in 0.004476 seconds
  Import took 0.006199 seconds .

========================================================================
Received Prepare
Registering precompiled user dll's ...
Registered in 0.000467 seconds.
Begin MonoManager ReloadAssembly
Native extension for WindowsStandalone target not found
Refreshing native plugins compatible for Editor in 0.17 ms, found 0 plugins.
Preloading 0 native plugins for Editor in 0.00 ms.
Invoked RoslynAnalysisRunner static constructor.
RoslynAnalysisRunner will not be running.
RoslynAnalysisRunner has terminated.
Mono: successfully reloaded assembly
- Completed reload, in  0.721 seconds
Platform modules already initialized, skipping
Refreshing native plugins compatible for Editor in 0.34 ms, found 0 plugins.
Preloading 0 native plugins for Editor in 0.00 ms.
Unloading 1108 Unused Serialized files (Serialized files now loaded: 0)
System memory in use before: 62.6 MB.
System memory in use after: 62.7 MB.

Unloading 4 unused Assets to reduce memory usage. Loaded Objects now: 1717.
Total: 2.230100 ms (FindLiveObjects: 0.332500 ms CreateObjectMapping: 0.118300 ms MarkObjects: 1.765400 ms  DeleteObjects: 0.012500 ms)

========================================================================
Received Import Request.
  Time since last request: 69.314345 seconds.
  path: Assets/Script/AsyncScene.cs
  artifactKey: Guid(d18b9169f2301134ab7eafca53f386e1) Importer(815301076,1909f56bfc062723c751e8b465ee728b)
Start importing Assets/Script/AsyncScene.cs using Guid(d18b9169f2301134ab7eafca53f386e1) Importer(815301076,1909f56bfc062723c751e8b465ee728b)  -> (artifact id: '7792895f40f76cab298baed7693d73d7') in 0.005136 seconds
  Import took 0.007305 seconds .

========================================================================
Received Import Request.
  Time since last request: 1.637904 seconds.
  path: Assets/Script/AsyncScene.cs
  artifactKey: Guid(d18b9169f2301134ab7eafca53f386e1) Importer(815301076,1909f56bfc062723c751e8b465ee728b)
Start importing Assets/Script/AsyncScene.cs using Guid(d18b9169f2301134ab7eafca53f386e1) Importer(815301076,1909f56bfc062723c751e8b465ee728b)  -> (artifact id: '7792895f40f76cab298baed7693d73d7') in 0.003470 seconds
  Import took 0.005183 seconds .

========================================================================
Received Prepare
Registering precompiled user dll's ...
Registered in 0.000604 seconds.
Begin MonoManager ReloadAssembly
Native extension for WindowsStandalone target not found
Refreshing native plugins compatible for Editor in 0.17 ms, found 0 plugins.
Preloading 0 native plugins for Editor in 0.00 ms.
Invoked RoslynAnalysisRunner static constructor.
RoslynAnalysisRunner will not be running.
RoslynAnalysisRunner has terminated.
Mono: successfully reloaded assembly
- Completed reload, in  0.735 seconds
Platform modules already initialized, skipping
Refreshing native plugins compatible for Editor in 0.35 ms, found 0 plugins.
Preloading 0 native plugins for Editor in 0.00 ms.
Unloading 1108 Unused Serialized files (Serialized files now loaded: 0)
System memory in use before: 62.7 MB.
System memory in use after: 62.8 MB.

Unloading 4 unused Assets to reduce memory usage. Loaded Objects now: 1720.
Total: 2.189100 ms (FindLiveObjects: 0.258900 ms CreateObjectMapping: 0.073500 ms MarkObjects: 1.842300 ms  DeleteObjects: 0.013200 ms)

========================================================================
Received Import Request.
  Time since last request: 41.327042 seconds.
  path: Assets/Script/AsyncScene.cs
  artifactKey: Guid(d18b9169f2301134ab7eafca53f386e1) Importer(815301076,1909f56bfc062723c751e8b465ee728b)
Start importing Assets/Script/AsyncScene.cs using Guid(d18b9169f2301134ab7eafca53f386e1) Importer(815301076,1909f56bfc062723c751e8b465ee728b)  -> (artifact id: '4834529c6e97dea82caa711f93aa354a') in 0.005984 seconds
  Import took 0.008156 seconds .

========================================================================
Received Import Request.
  Time since last request: 1.263509 seconds.
  path: Assets/Script/AsyncScene.cs
  artifactKey: Guid(d18b9169f2301134ab7eafca53f386e1) Importer(815301076,1909f56bfc062723c751e8b465ee728b)
Start importing Assets/Script/AsyncScene.cs using Guid(d18b9169f2301134ab7eafca53f386e1) Importer(815301076,1909f56bfc062723c751e8b465ee728b)  -> (artifact id: '4834529c6e97dea82caa711f93aa354a') in 0.003461 seconds
  Import took 0.005007 seconds .

========================================================================
Received Prepare
Registering precompiled user dll's ...
Registered in 0.000966 seconds.
Begin MonoManager ReloadAssembly
Native extension for WindowsStandalone target not found
Refreshing native plugins compatible for Editor in 0.36 ms, found 0 plugins.
Preloading 0 native plugins for Editor in 0.00 ms.
Invoked RoslynAnalysisRunner static constructor.
RoslynAnalysisRunner will not be running.
RoslynAnalysisRunner has terminated.
Mono: successfully reloaded assembly
- Completed reload, in  0.727 seconds
Platform modules already initialized, skipping
Refreshing native plugins compatible for Editor in 0.32 ms, found 0 plugins.
Preloading 0 native plugins for Editor in 0.00 ms.
Unloading 1108 Unused Serialized files (Serialized files now loaded: 0)
System memory in use before: 62.7 MB.
System memory in use after: 62.8 MB.

Unloading 4 unused Assets to reduce memory usage. Loaded Objects now: 1723.
Total: 1.707400 ms (FindLiveObjects: 0.150400 ms CreateObjectMapping: 0.040900 ms MarkObjects: 1.496700 ms  DeleteObjects: 0.017900 ms)

========================================================================
Received Prepare
Registering precompiled user dll's ...
Registered in 0.000513 seconds.
Begin MonoManager ReloadAssembly
Native extension for WindowsStandalone target not found
Refreshing native plugins compatible for Editor in 0.17 ms, found 0 plugins.
Preloading 0 native plugins for Editor in 0.00 ms.
Invoked RoslynAnalysisRunner static constructor.
RoslynAnalysisRunner will not be running.
RoslynAnalysisRunner has terminated.
Mono: successfully reloaded assembly
- Completed reload, in  0.718 seconds
Platform modules already initialized, skipping
Refreshing native plugins compatible for Editor in 0.23 ms, found 0 plugins.
Preloading 0 native plugins for Editor in 0.00 ms.
Unloading 1108 Unused Serialized files (Serialized files now loaded: 0)
System memory in use before: 62.7 MB.
System memory in use after: 62.8 MB.

Unloading 4 unused Assets to reduce memory usage. Loaded Objects now: 1726.
Total: 1.367200 ms (FindLiveObjects: 0.136000 ms CreateObjectMapping: 0.034600 ms MarkObjects: 1.184900 ms  DeleteObjects: 0.010800 ms)

========================================================================
Received Import Request.
  Time since last request: 22.074775 seconds.
  path: Assets/Script/AsyncScene.cs
  artifactKey: Guid(d18b9169f2301134ab7eafca53f386e1) Importer(815301076,1909f56bfc062723c751e8b465ee728b)
Start importing Assets/Script/AsyncScene.cs using Guid(d18b9169f2301134ab7eafca53f386e1) Importer(815301076,1909f56bfc062723c751e8b465ee728b)  -> (artifact id: 'bc13703fc4e5294cc67d2f42ee012c76') in 0.004782 seconds
  Import took 0.006358 seconds .

========================================================================
Received Import Request.
  Time since last request: 1.592035 seconds.
  path: Assets/Script/AsyncScene.cs
  artifactKey: Guid(d18b9169f2301134ab7eafca53f386e1) Importer(815301076,1909f56bfc062723c751e8b465ee728b)
Start importing Assets/Script/AsyncScene.cs using Guid(d18b9169f2301134ab7eafca53f386e1) Importer(815301076,1909f56bfc062723c751e8b465ee728b)  -> (artifact id: 'bc13703fc4e5294cc67d2f42ee012c76') in 0.003750 seconds
  Import took 0.005361 seconds .

========================================================================
Received Prepare
Registering precompiled user dll's ...
Registered in 0.000514 seconds.
Begin MonoManager ReloadAssembly
Native extension for WindowsStandalone target not found
Refreshing native plugins compatible for Editor in 0.18 ms, found 0 plugins.
Preloading 0 native plugins for Editor in 0.00 ms.
Invoked RoslynAnalysisRunner static constructor.
RoslynAnalysisRunner will not be running.
RoslynAnalysisRunner has terminated.
Mono: successfully reloaded assembly
- Completed reload, in  0.709 seconds
Platform modules already initialized, skipping
Refreshing native plugins compatible for Editor in 0.21 ms, found 0 plugins.
Preloading 0 native plugins for Editor in 0.00 ms.
Unloading 1108 Unused Serialized files (Serialized files now loaded: 0)
System memory in use before: 62.7 MB.
System memory in use after: 62.8 MB.

Unloading 4 unused Assets to reduce memory usage. Loaded Objects now: 1729.
Total: 1.779100 ms (FindLiveObjects: 0.199900 ms CreateObjectMapping: 0.069000 ms MarkObjects: 1.495000 ms  DeleteObjects: 0.013900 ms)

========================================================================
Received Import Request.
  Time since last request: 36.249503 seconds.
  path: Assets/Script/AsyncScene.cs
  artifactKey: Guid(d18b9169f2301134ab7eafca53f386e1) Importer(815301076,1909f56bfc062723c751e8b465ee728b)
Start importing Assets/Script/AsyncScene.cs using Guid(d18b9169f2301134ab7eafca53f386e1) Importer(815301076,1909f56bfc062723c751e8b465ee728b)  -> (artifact id: 'aa9adc74e11e89e9a3f4dd6f1f73592c') in 0.005487 seconds
  Import took 0.007067 seconds .

========================================================================
Received Import Request.
  Time since last request: 1.365904 seconds.
  path: Assets/Script/AsyncScene.cs
  artifactKey: Guid(d18b9169f2301134ab7eafca53f386e1) Importer(815301076,1909f56bfc062723c751e8b465ee728b)
Start importing Assets/Script/AsyncScene.cs using Guid(d18b9169f2301134ab7eafca53f386e1) Importer(815301076,1909f56bfc062723c751e8b465ee728b)  -> (artifact id: 'aa9adc74e11e89e9a3f4dd6f1f73592c') in 0.003387 seconds
  Import took 0.005084 seconds .

========================================================================
Received Prepare
Registering precompiled user dll's ...
Registered in 0.000463 seconds.
Begin MonoManager ReloadAssembly
Native extension for WindowsStandalone target not found
Refreshing native plugins compatible for Editor in 0.17 ms, found 0 plugins.
Preloading 0 native plugins for Editor in 0.00 ms.
Invoked RoslynAnalysisRunner static constructor.
RoslynAnalysisRunner will not be running.
RoslynAnalysisRunner has terminated.
Mono: successfully reloaded assembly
- Completed reload, in  0.709 seconds
Platform modules already initialized, skipping
Refreshing native plugins compatible for Editor in 0.18 ms, found 0 plugins.
Preloading 0 native plugins for Editor in 0.00 ms.
Unloading 1108 Unused Serialized files (Serialized files now loaded: 0)
System memory in use before: 62.7 MB.
System memory in use after: 62.8 MB.

Unloading 4 unused Assets to reduce memory usage. Loaded Objects now: 1732.
Total: 1.655100 ms (FindLiveObjects: 0.227000 ms CreateObjectMapping: 0.074900 ms MarkObjects: 1.340700 ms  DeleteObjects: 0.011300 ms)

========================================================================
Received Import Request.
  Time since last request: 49.344919 seconds.
  path: Assets/Script/AsyncScene.cs
  artifactKey: Guid(d18b9169f2301134ab7eafca53f386e1) Importer(815301076,1909f56bfc062723c751e8b465ee728b)
Start importing Assets/Script/AsyncScene.cs using Guid(d18b9169f2301134ab7eafca53f386e1) Importer(815301076,1909f56bfc062723c751e8b465ee728b)  -> (artifact id: '126fd7de3c02dec51cd1586fd320cebf') in 0.004705 seconds
  Import took 0.006359 seconds .

========================================================================
Received Import Request.
  Time since last request: 1.276004 seconds.
  path: Assets/Script/AsyncScene.cs
  artifactKey: Guid(d18b9169f2301134ab7eafca53f386e1) Importer(815301076,1909f56bfc062723c751e8b465ee728b)
Start importing Assets/Script/AsyncScene.cs using Guid(d18b9169f2301134ab7eafca53f386e1) Importer(815301076,1909f56bfc062723c751e8b465ee728b)  -> (artifact id: '126fd7de3c02dec51cd1586fd320cebf') in 0.003578 seconds
  Import took 0.005099 seconds .

========================================================================
Received Prepare
Registering precompiled user dll's ...
Registered in 0.000561 seconds.
Begin MonoManager ReloadAssembly
Native extension for WindowsStandalone target not found
Refreshing native plugins compatible for Editor in 0.17 ms, found 0 plugins.
Preloading 0 native plugins for Editor in 0.00 ms.
Invoked RoslynAnalysisRunner static constructor.
RoslynAnalysisRunner will not be running.
RoslynAnalysisRunner has terminated.
Mono: successfully reloaded assembly
- Completed reload, in  0.718 seconds
Platform modules already initialized, skipping
Refreshing native plugins compatible for Editor in 0.19 ms, found 0 plugins.
Preloading 0 native plugins for Editor in 0.00 ms.
Unloading 1108 Unused Serialized files (Serialized files now loaded: 0)
System memory in use before: 62.7 MB.
System memory in use after: 62.8 MB.

Unloading 4 unused Assets to reduce memory usage. Loaded Objects now: 1735.
Total: 1.967300 ms (FindLiveObjects: 0.234900 ms CreateObjectMapping: 0.070000 ms MarkObjects: 1.647200 ms  DeleteObjects: 0.013600 ms)

========================================================================
Received Import Request.
  Time since last request: 242.799087 seconds.
  path: Assets/Script/AsyncScene.cs
  artifactKey: Guid(d18b9169f2301134ab7eafca53f386e1) Importer(815301076,1909f56bfc062723c751e8b465ee728b)
Start importing Assets/Script/AsyncScene.cs using Guid(d18b9169f2301134ab7eafca53f386e1) Importer(815301076,1909f56bfc062723c751e8b465ee728b)  -> (artifact id: 'b5b46372e52062ecd5060923785d0bf6') in 0.004846 seconds
  Import took 0.006619 seconds .

========================================================================
Received Import Request.
  Time since last request: 1.259540 seconds.
  path: Assets/Script/AsyncScene.cs
  artifactKey: Guid(d18b9169f2301134ab7eafca53f386e1) Importer(815301076,1909f56bfc062723c751e8b465ee728b)
Start importing Assets/Script/AsyncScene.cs using Guid(d18b9169f2301134ab7eafca53f386e1) Importer(815301076,1909f56bfc062723c751e8b465ee728b)  -> (artifact id: 'b5b46372e52062ecd5060923785d0bf6') in 0.003802 seconds
  Import took 0.005471 seconds .

========================================================================
Received Prepare
Registering precompiled user dll's ...
Registered in 0.000497 seconds.
Begin MonoManager ReloadAssembly
Native extension for WindowsStandalone target not found
Refreshing native plugins compatible for Editor in 0.20 ms, found 0 plugins.
Preloading 0 native plugins for Editor in 0.00 ms.
Invoked RoslynAnalysisRunner static constructor.
RoslynAnalysisRunner will not be running.
RoslynAnalysisRunner has terminated.
Mono: successfully reloaded assembly
- Completed reload, in  0.728 seconds
Platform modules already initialized, skipping
Refreshing native plugins compatible for Editor in 0.35 ms, found 0 plugins.
Preloading 0 native plugins for Editor in 0.00 ms.
Unloading 1108 Unused Serialized files (Serialized files now loaded: 0)
System memory in use before: 62.7 MB.
System memory in use after: 62.8 MB.

Unloading 4 unused Assets to reduce memory usage. Loaded Objects now: 1738.
Total: 1.890000 ms (FindLiveObjects: 0.413000 ms CreateObjectMapping: 0.128700 ms MarkObjects: 1.315100 ms  DeleteObjects: 0.013000 ms)

========================================================================
Received Import Request.
  Time since last request: 44.546097 seconds.
  path: Assets/Script/AsyncScene.cs
  artifactKey: Guid(d18b9169f2301134ab7eafca53f386e1) Importer(815301076,1909f56bfc062723c751e8b465ee728b)
Start importing Assets/Script/AsyncScene.cs using Guid(d18b9169f2301134ab7eafca53f386e1) Importer(815301076,1909f56bfc062723c751e8b465ee728b)  -> (artifact id: '5b534c12f9b682dd2811cd23774f6817') in 0.005716 seconds
  Import took 0.007578 seconds .

========================================================================
Received Import Request.
  Time since last request: 1.399946 seconds.
  path: Assets/Script/AsyncScene.cs
  artifactKey: Guid(d18b9169f2301134ab7eafca53f386e1) Importer(815301076,1909f56bfc062723c751e8b465ee728b)
Start importing Assets/Script/AsyncScene.cs using Guid(d18b9169f2301134ab7eafca53f386e1) Importer(815301076,1909f56bfc062723c751e8b465ee728b)  -> (artifact id: '5b534c12f9b682dd2811cd23774f6817') in 0.003637 seconds
  Import took 0.005269 seconds .

========================================================================
Received Prepare
Registering precompiled user dll's ...
Registered in 0.000795 seconds.
Begin MonoManager ReloadAssembly
Native extension for WindowsStandalone target not found
Refreshing native plugins compatible for Editor in 0.28 ms, found 0 plugins.
Preloading 0 native plugins for Editor in 0.00 ms.
Invoked RoslynAnalysisRunner static constructor.
RoslynAnalysisRunner will not be running.
RoslynAnalysisRunner has terminated.
Mono: successfully reloaded assembly
- Completed reload, in  0.803 seconds
Platform modules already initialized, skipping
Refreshing native plugins compatible for Editor in 0.31 ms, found 0 plugins.
Preloading 0 native plugins for Editor in 0.00 ms.
Unloading 1108 Unused Serialized files (Serialized files now loaded: 0)
System memory in use before: 62.7 MB.
System memory in use after: 62.8 MB.

Unloading 4 unused Assets to reduce memory usage. Loaded Objects now: 1741.
Total: 1.687900 ms (FindLiveObjects: 0.291200 ms CreateObjectMapping: 0.113800 ms MarkObjects: 1.266900 ms  DeleteObjects: 0.014400 ms)

========================================================================
Received Prepare
Registering precompiled user dll's ...
Registered in 0.000505 seconds.
Begin MonoManager ReloadAssembly
Native extension for WindowsStandalone target not found
Refreshing native plugins compatible for Editor in 0.18 ms, found 0 plugins.
Preloading 0 native plugins for Editor in 0.00 ms.
Invoked RoslynAnalysisRunner static constructor.
RoslynAnalysisRunner will not be running.
RoslynAnalysisRunner has terminated.
Mono: successfully reloaded assembly
- Completed reload, in  0.733 seconds
Platform modules already initialized, skipping
Refreshing native plugins compatible for Editor in 0.32 ms, found 0 plugins.
Preloading 0 native plugins for Editor in 0.00 ms.
Unloading 1108 Unused Serialized files (Serialized files now loaded: 0)
System memory in use before: 62.7 MB.
System memory in use after: 62.8 MB.

Unloading 4 unused Assets to reduce memory usage. Loaded Objects now: 1744.
Total: 2.600800 ms (FindLiveObjects: 0.268200 ms CreateObjectMapping: 0.092700 ms MarkObjects: 2.203300 ms  DeleteObjects: 0.035300 ms)

========================================================================
Received Import Request.
  Time since last request: 64.467778 seconds.
  path: Assets/Script/AsyncScene.cs
  artifactKey: Guid(d18b9169f2301134ab7eafca53f386e1) Importer(815301076,1909f56bfc062723c751e8b465ee728b)
Start importing Assets/Script/AsyncScene.cs using Guid(d18b9169f2301134ab7eafca53f386e1) Importer(815301076,1909f56bfc062723c751e8b465ee728b)  -> (artifact id: 'bf1b3c86ccaeb6455182a7619a8cd901') in 0.005497 seconds
  Import took 0.007273 seconds .

========================================================================
Received Import Request.
  Time since last request: 1.560530 seconds.
  path: Assets/Script/AsyncScene.cs
  artifactKey: Guid(d18b9169f2301134ab7eafca53f386e1) Importer(815301076,1909f56bfc062723c751e8b465ee728b)
Start importing Assets/Script/AsyncScene.cs using Guid(d18b9169f2301134ab7eafca53f386e1) Importer(815301076,1909f56bfc062723c751e8b465ee728b)  -> (artifact id: 'bf1b3c86ccaeb6455182a7619a8cd901') in 0.003165 seconds
  Import took 0.004812 seconds .

========================================================================
Received Prepare
Registering precompiled user dll's ...
Registered in 0.000477 seconds.
Begin MonoManager ReloadAssembly
Native extension for WindowsStandalone target not found
Refreshing native plugins compatible for Editor in 0.20 ms, found 0 plugins.
Preloading 0 native plugins for Editor in 0.00 ms.
Invoked RoslynAnalysisRunner static constructor.
RoslynAnalysisRunner will not be running.
RoslynAnalysisRunner has terminated.
Mono: successfully reloaded assembly
- Completed reload, in  0.769 seconds
Platform modules already initialized, skipping
Refreshing native plugins compatible for Editor in 0.31 ms, found 0 plugins.
Preloading 0 native plugins for Editor in 0.00 ms.
Unloading 1108 Unused Serialized files (Serialized files now loaded: 0)
System memory in use before: 62.7 MB.
System memory in use after: 62.8 MB.

Unloading 4 unused Assets to reduce memory usage. Loaded Objects now: 1747.
Total: 2.051200 ms (FindLiveObjects: 0.273200 ms CreateObjectMapping: 0.070300 ms MarkObjects: 1.674700 ms  DeleteObjects: 0.031700 ms)

========================================================================
Received Import Request.
  Time since last request: 32.463547 seconds.
  path: Assets/Script/AsyncScene.cs
  artifactKey: Guid(d18b9169f2301134ab7eafca53f386e1) Importer(815301076,1909f56bfc062723c751e8b465ee728b)
Start importing Assets/Script/AsyncScene.cs using Guid(d18b9169f2301134ab7eafca53f386e1) Importer(815301076,1909f56bfc062723c751e8b465ee728b)  -> (artifact id: 'af5b4f6082e975bb89663984413e3354') in 0.005965 seconds
  Import took 0.008308 seconds .

========================================================================
Received Prepare
Registering precompiled user dll's ...
Registered in 0.000724 seconds.
Begin MonoManager ReloadAssembly
Native extension for WindowsStandalone target not found
Refreshing native plugins compatible for Editor in 0.21 ms, found 0 plugins.
Preloading 0 native plugins for Editor in 0.00 ms.
Invoked RoslynAnalysisRunner static constructor.
RoslynAnalysisRunner will not be running.
RoslynAnalysisRunner has terminated.
Mono: successfully reloaded assembly
- Completed reload, in  0.796 seconds
Platform modules already initialized, skipping
Refreshing native plugins compatible for Editor in 0.30 ms, found 0 plugins.
Preloading 0 native plugins for Editor in 0.00 ms.
Unloading 1108 Unused Serialized files (Serialized files now loaded: 0)
System memory in use before: 62.7 MB.
System memory in use after: 62.8 MB.

Unloading 4 unused Assets to reduce memory usage. Loaded Objects now: 1750.
Total: 1.779900 ms (FindLiveObjects: 0.210800 ms CreateObjectMapping: 0.121900 ms MarkObjects: 1.433000 ms  DeleteObjects: 0.013200 ms)

========================================================================
Received Prepare
Registering precompiled user dll's ...
Registered in 0.000541 seconds.
Begin MonoManager ReloadAssembly
Native extension for WindowsStandalone target not found
Refreshing native plugins compatible for Editor in 0.17 ms, found 0 plugins.
Preloading 0 native plugins for Editor in 0.00 ms.
Invoked RoslynAnalysisRunner static constructor.
RoslynAnalysisRunner will not be running.
RoslynAnalysisRunner has terminated.
Mono: successfully reloaded assembly
- Completed reload, in  0.701 seconds
Platform modules already initialized, skipping
Refreshing native plugins compatible for Editor in 0.34 ms, found 0 plugins.
Preloading 0 native plugins for Editor in 0.00 ms.
Unloading 1108 Unused Serialized files (Serialized files now loaded: 0)
System memory in use before: 62.7 MB.
System memory in use after: 62.8 MB.

Unloading 4 unused Assets to reduce memory usage. Loaded Objects now: 1753.
Total: 1.966700 ms (FindLiveObjects: 0.138300 ms CreateObjectMapping: 0.035600 ms MarkObjects: 1.779600 ms  DeleteObjects: 0.012200 ms)

========================================================================
Received Import Request.
  Time since last request: 26.525010 seconds.
  path: Assets/Script/AsyncScene.cs
  artifactKey: Guid(d18b9169f2301134ab7eafca53f386e1) Importer(815301076,1909f56bfc062723c751e8b465ee728b)
Start importing Assets/Script/AsyncScene.cs using Guid(d18b9169f2301134ab7eafca53f386e1) Importer(815301076,1909f56bfc062723c751e8b465ee728b)  -> (artifact id: '2e4c44f9f475a2f2ade408b0b371fee5') in 0.007323 seconds
  Import took 0.009347 seconds .

========================================================================
Received Import Request.
  Time since last request: 1.356133 seconds.
  path: Assets/Script/AsyncScene.cs
  artifactKey: Guid(d18b9169f2301134ab7eafca53f386e1) Importer(815301076,1909f56bfc062723c751e8b465ee728b)
Start importing Assets/Script/AsyncScene.cs using Guid(d18b9169f2301134ab7eafca53f386e1) Importer(815301076,1909f56bfc062723c751e8b465ee728b)  -> (artifact id: '2e4c44f9f475a2f2ade408b0b371fee5') in 0.003573 seconds
  Import took 0.005265 seconds .

========================================================================
Received Prepare
Registering precompiled user dll's ...
Registered in 0.001045 seconds.
Begin MonoManager ReloadAssembly
Native extension for WindowsStandalone target not found
Refreshing native plugins compatible for Editor in 0.17 ms, found 0 plugins.
Preloading 0 native plugins for Editor in 0.00 ms.
Invoked RoslynAnalysisRunner static constructor.
RoslynAnalysisRunner will not be running.
RoslynAnalysisRunner has terminated.
Mono: successfully reloaded assembly
- Completed reload, in  0.688 seconds
Platform modules already initialized, skipping
Refreshing native plugins compatible for Editor in 0.41 ms, found 0 plugins.
Preloading 0 native plugins for Editor in 0.00 ms.
Unloading 1108 Unused Serialized files (Serialized files now loaded: 0)
System memory in use before: 62.7 MB.
System memory in use after: 62.8 MB.

Unloading 4 unused Assets to reduce memory usage. Loaded Objects now: 1756.
Total: 2.191500 ms (FindLiveObjects: 0.253700 ms CreateObjectMapping: 0.059900 ms MarkObjects: 1.864500 ms  DeleteObjects: 0.012500 ms)

AssetImportWorkerClient::OnTransportError - code=2 error=End of file
